[2025-05-22T07:26:10.151+0000] {manager.py:469} INFO - Processing files using up to 2 processes at a time 
[2025-05-22T07:26:10.152+0000] {manager.py:470} INFO - Process each file at most once every 30 seconds
[2025-05-22T07:26:10.153+0000] {manager.py:471} INFO - Checking for new files in /opt/airflow/dags every 300 seconds
[2025-05-22T07:26:10.154+0000] {manager.py:738} INFO - Searching for files in /opt/airflow/dags
[2025-05-22T07:26:10.194+0000] {manager.py:741} INFO - There are 1 files in /opt/airflow/dags
[2025-05-22T07:26:10.388+0000] {manager.py:879} INFO - 
================================================================================
DAG File Processing Stats

File Path                       PID  Runtime      # DAGs    # Errors  Last Runtime    Last Run
----------------------------  -----  ---------  --------  ----------  --------------  ----------
/opt/airflow/dags/etl_dag.py    167  0.09s             0           0
================================================================================
[2025-05-22T07:26:40.743+0000] {manager.py:879} INFO - 
================================================================================
DAG File Processing Stats

File Path                       PID  Runtime      # DAGs    # Errors  Last Runtime    Last Run
----------------------------  -----  ---------  --------  ----------  --------------  -------------------
/opt/airflow/dags/etl_dag.py    172  0.03s             1           0  0.32s           2025-05-22T07:26:10
================================================================================
[2025-05-22T07:27:11.297+0000] {manager.py:879} INFO - 
================================================================================
DAG File Processing Stats

File Path                     PID    Runtime      # DAGs    # Errors  Last Runtime    Last Run
----------------------------  -----  ---------  --------  ----------  --------------  -------------------
/opt/airflow/dags/etl_dag.py                           1           0  2.44s           2025-05-22T07:26:43
================================================================================
[2025-05-22T07:27:41.411+0000] {manager.py:879} INFO - 
================================================================================
DAG File Processing Stats

File Path                     PID    Runtime      # DAGs    # Errors  Last Runtime    Last Run
----------------------------  -----  ---------  --------  ----------  --------------  -------------------
/opt/airflow/dags/etl_dag.py                           1           0  2.72s           2025-05-22T07:27:16
================================================================================
[2025-05-22T07:28:05.692+0000] {manager.py:451} INFO - Exiting gracefully upon receiving signal 15
[2025-05-22T07:29:27.981+0000] {manager.py:469} INFO - Processing files using up to 2 processes at a time 
[2025-05-22T07:29:27.983+0000] {manager.py:470} INFO - Process each file at most once every 30 seconds
[2025-05-22T07:29:27.984+0000] {manager.py:471} INFO - Checking for new files in /opt/airflow/dags every 300 seconds
[2025-05-22T07:29:27.985+0000] {manager.py:738} INFO - Searching for files in /opt/airflow/dags
[2025-05-22T07:29:28.023+0000] {manager.py:741} INFO - There are 1 files in /opt/airflow/dags
[2025-05-22T07:29:28.244+0000] {manager.py:879} INFO - 
================================================================================
DAG File Processing Stats

File Path                       PID  Runtime      # DAGs    # Errors  Last Runtime    Last Run
----------------------------  -----  ---------  --------  ----------  --------------  ----------
/opt/airflow/dags/etl_dag.py    167  0.10s             0           0
================================================================================
[2025-05-22T07:29:58.356+0000] {manager.py:879} INFO - 
================================================================================
DAG File Processing Stats

File Path                     PID    Runtime      # DAGs    # Errors  Last Runtime    Last Run
----------------------------  -----  ---------  --------  ----------  --------------  -------------------
/opt/airflow/dags/etl_dag.py                           1           0  0.89s           2025-05-22T07:29:29
================================================================================
[2025-05-22T07:30:28.961+0000] {manager.py:879} INFO - 
================================================================================
DAG File Processing Stats

File Path                     PID    Runtime      # DAGs    # Errors  Last Runtime    Last Run
----------------------------  -----  ---------  --------  ----------  --------------  -------------------
/opt/airflow/dags/etl_dag.py                           1           0  2.27s           2025-05-22T07:30:01
================================================================================
[2025-05-22T07:30:59.402+0000] {manager.py:879} INFO - 
================================================================================
DAG File Processing Stats

File Path                     PID    Runtime      # DAGs    # Errors  Last Runtime    Last Run
----------------------------  -----  ---------  --------  ----------  --------------  -------------------
/opt/airflow/dags/etl_dag.py                           1           0  0.44s           2025-05-22T07:30:32
================================================================================
[2025-05-22T07:31:29.500+0000] {manager.py:879} INFO - 
================================================================================
DAG File Processing Stats

File Path                     PID    Runtime      # DAGs    # Errors  Last Runtime    Last Run
----------------------------  -----  ---------  --------  ----------  --------------  -------------------
/opt/airflow/dags/etl_dag.py                           1           0  1.27s           2025-05-22T07:31:04
================================================================================
[2025-05-22T07:31:59.619+0000] {manager.py:879} INFO - 
================================================================================
DAG File Processing Stats

File Path                     PID    Runtime      # DAGs    # Errors  Last Runtime    Last Run
----------------------------  -----  ---------  --------  ----------  --------------  -------------------
/opt/airflow/dags/etl_dag.py                           1           0  0.92s           2025-05-22T07:31:35
================================================================================
[2025-05-22T07:32:30.345+0000] {manager.py:879} INFO - 
================================================================================
DAG File Processing Stats

File Path                     PID    Runtime      # DAGs    # Errors  Last Runtime    Last Run
----------------------------  -----  ---------  --------  ----------  --------------  -------------------
/opt/airflow/dags/etl_dag.py                           1           0  0.56s           2025-05-22T07:32:06
================================================================================
[2025-05-22T07:33:00.652+0000] {manager.py:879} INFO - 
================================================================================
DAG File Processing Stats

File Path                     PID    Runtime      # DAGs    # Errors  Last Runtime    Last Run
----------------------------  -----  ---------  --------  ----------  --------------  -------------------
/opt/airflow/dags/etl_dag.py                           1           0  0.87s           2025-05-22T07:32:37
================================================================================
[2025-05-22T07:33:31.450+0000] {manager.py:879} INFO - 
================================================================================
DAG File Processing Stats

File Path                     PID    Runtime      # DAGs    # Errors  Last Runtime    Last Run
----------------------------  -----  ---------  --------  ----------  --------------  -------------------
/opt/airflow/dags/etl_dag.py                           1           0  0.41s           2025-05-22T07:33:08
================================================================================
[2025-05-22T07:33:39.673+0000] {manager.py:451} INFO - Exiting gracefully upon receiving signal 15
[2025-05-22T07:33:39.674+0000] {manager.py:451} INFO - Exiting gracefully upon receiving signal 15
[2025-05-22T07:33:42.842+0000] {manager.py:451} INFO - Exiting gracefully upon receiving signal 15
[2025-05-22T07:34:45.471+0000] {manager.py:469} INFO - Processing files using up to 2 processes at a time 
[2025-05-22T07:34:45.483+0000] {manager.py:470} INFO - Process each file at most once every 30 seconds
[2025-05-22T07:34:45.486+0000] {manager.py:471} INFO - Checking for new files in /opt/airflow/dags every 300 seconds
[2025-05-22T07:34:45.488+0000] {manager.py:738} INFO - Searching for files in /opt/airflow/dags
[2025-05-22T07:34:45.651+0000] {manager.py:741} INFO - There are 1 files in /opt/airflow/dags
[2025-05-22T07:34:46.044+0000] {manager.py:879} INFO - 
================================================================================
DAG File Processing Stats

File Path                       PID  Runtime      # DAGs    # Errors  Last Runtime    Last Run
----------------------------  -----  ---------  --------  ----------  --------------  ----------
/opt/airflow/dags/etl_dag.py    167  0.17s             0           0
================================================================================
[2025-05-22T07:35:16.439+0000] {manager.py:879} INFO - 
================================================================================
DAG File Processing Stats

File Path                     PID    Runtime      # DAGs    # Errors  Last Runtime    Last Run
----------------------------  -----  ---------  --------  ----------  --------------  -------------------
/opt/airflow/dags/etl_dag.py                           1           0  1.60s           2025-05-22T07:34:47
================================================================================
[2025-05-22T07:35:46.697+0000] {manager.py:879} INFO - 
================================================================================
DAG File Processing Stats

File Path                     PID    Runtime      # DAGs    # Errors  Last Runtime    Last Run
----------------------------  -----  ---------  --------  ----------  --------------  -------------------
/opt/airflow/dags/etl_dag.py                           1           0  0.47s           2025-05-22T07:35:18
================================================================================
[2025-05-22T07:36:17.132+0000] {manager.py:879} INFO - 
================================================================================
DAG File Processing Stats

File Path                     PID    Runtime      # DAGs    # Errors  Last Runtime    Last Run
----------------------------  -----  ---------  --------  ----------  --------------  -------------------
/opt/airflow/dags/etl_dag.py                           1           0  0.54s           2025-05-22T07:35:48
================================================================================
[2025-05-22T07:36:47.801+0000] {manager.py:879} INFO - 
================================================================================
DAG File Processing Stats

File Path                     PID    Runtime      # DAGs    # Errors  Last Runtime    Last Run
----------------------------  -----  ---------  --------  ----------  --------------  -------------------
/opt/airflow/dags/etl_dag.py                           1           0  1.28s           2025-05-22T07:36:20
================================================================================
[2025-05-22T07:37:18.283+0000] {manager.py:879} INFO - 
================================================================================
DAG File Processing Stats

File Path                     PID    Runtime      # DAGs    # Errors  Last Runtime    Last Run
----------------------------  -----  ---------  --------  ----------  --------------  -------------------
/opt/airflow/dags/etl_dag.py                           1           0  1.10s           2025-05-22T07:36:51
================================================================================
[2025-05-22T07:37:48.282+0000] {manager.py:879} INFO - 
================================================================================
DAG File Processing Stats

File Path                     PID    Runtime      # DAGs    # Errors  Last Runtime    Last Run
----------------------------  -----  ---------  --------  ----------  --------------  -------------------
/opt/airflow/dags/etl_dag.py                           1           0  0.54s           2025-05-22T07:37:22
================================================================================
[2025-05-22T07:38:18.715+0000] {manager.py:879} INFO - 
================================================================================
DAG File Processing Stats

File Path                     PID    Runtime      # DAGs    # Errors  Last Runtime    Last Run
----------------------------  -----  ---------  --------  ----------  --------------  -------------------
/opt/airflow/dags/etl_dag.py                           1           0  0.39s           2025-05-22T07:37:53
================================================================================
[2025-05-22T07:38:49.246+0000] {manager.py:879} INFO - 
================================================================================
DAG File Processing Stats

File Path                     PID    Runtime      # DAGs    # Errors  Last Runtime    Last Run
----------------------------  -----  ---------  --------  ----------  --------------  -------------------
/opt/airflow/dags/etl_dag.py                           1           0  0.41s           2025-05-22T07:38:24
================================================================================
[2025-05-22T07:39:19.379+0000] {manager.py:879} INFO - 
================================================================================
DAG File Processing Stats

File Path                     PID    Runtime      # DAGs    # Errors  Last Runtime    Last Run
----------------------------  -----  ---------  --------  ----------  --------------  -------------------
/opt/airflow/dags/etl_dag.py                           1           0  1.14s           2025-05-22T07:38:55
================================================================================
[2025-05-22T07:39:45.706+0000] {manager.py:738} INFO - Searching for files in /opt/airflow/dags
[2025-05-22T07:39:45.803+0000] {manager.py:741} INFO - There are 1 files in /opt/airflow/dags
[2025-05-22T07:39:49.920+0000] {manager.py:879} INFO - 
================================================================================
DAG File Processing Stats

File Path                     PID    Runtime      # DAGs    # Errors  Last Runtime    Last Run
----------------------------  -----  ---------  --------  ----------  --------------  -------------------
/opt/airflow/dags/etl_dag.py                           1           0  0.42s           2025-05-22T07:39:26
================================================================================
[2025-05-22T07:40:20.771+0000] {manager.py:879} INFO - 
================================================================================
DAG File Processing Stats

File Path                     PID    Runtime      # DAGs    # Errors  Last Runtime    Last Run
----------------------------  -----  ---------  --------  ----------  --------------  -------------------
/opt/airflow/dags/etl_dag.py                           1           0  0.50s           2025-05-22T07:39:57
================================================================================
[2025-05-22T07:40:51.101+0000] {manager.py:879} INFO - 
================================================================================
DAG File Processing Stats

File Path                     PID    Runtime      # DAGs    # Errors  Last Runtime    Last Run
----------------------------  -----  ---------  --------  ----------  --------------  -------------------
/opt/airflow/dags/etl_dag.py                           1           0  0.83s           2025-05-22T07:40:28
================================================================================
[2025-05-22T07:41:21.252+0000] {manager.py:879} INFO - 
================================================================================
DAG File Processing Stats

File Path                     PID    Runtime      # DAGs    # Errors  Last Runtime    Last Run
----------------------------  -----  ---------  --------  ----------  --------------  -------------------
/opt/airflow/dags/etl_dag.py                           1           0  0.66s           2025-05-22T07:40:59
================================================================================
[2025-05-22T07:41:52.213+0000] {manager.py:879} INFO - 
================================================================================
DAG File Processing Stats

File Path                     PID    Runtime      # DAGs    # Errors  Last Runtime    Last Run
----------------------------  -----  ---------  --------  ----------  --------------  -------------------
/opt/airflow/dags/etl_dag.py                           1           0  0.51s           2025-05-22T07:41:30
================================================================================
[2025-05-22T07:42:22.793+0000] {manager.py:879} INFO - 
================================================================================
DAG File Processing Stats

File Path                     PID    Runtime      # DAGs    # Errors  Last Runtime    Last Run
----------------------------  -----  ---------  --------  ----------  --------------  -------------------
/opt/airflow/dags/etl_dag.py                           1           0  0.31s           2025-05-22T07:42:01
================================================================================
[2025-05-22T07:42:53.536+0000] {manager.py:879} INFO - 
================================================================================
DAG File Processing Stats

File Path                     PID    Runtime      # DAGs    # Errors  Last Runtime    Last Run
----------------------------  -----  ---------  --------  ----------  --------------  -------------------
/opt/airflow/dags/etl_dag.py                           1           0  0.52s           2025-05-22T07:42:32
================================================================================
[2025-05-22T07:43:24.227+0000] {manager.py:879} INFO - 
================================================================================
DAG File Processing Stats

File Path                     PID    Runtime      # DAGs    # Errors  Last Runtime    Last Run
----------------------------  -----  ---------  --------  ----------  --------------  -------------------
/opt/airflow/dags/etl_dag.py                           1           0  0.28s           2025-05-22T07:43:02
================================================================================
[2025-05-22T07:43:54.713+0000] {manager.py:879} INFO - 
================================================================================
DAG File Processing Stats

File Path                     PID    Runtime      # DAGs    # Errors  Last Runtime    Last Run
----------------------------  -----  ---------  --------  ----------  --------------  -------------------
/opt/airflow/dags/etl_dag.py                           1           0  0.35s           2025-05-22T07:43:33
================================================================================
[2025-05-22T07:44:24.783+0000] {manager.py:879} INFO - 
================================================================================
DAG File Processing Stats

File Path                     PID    Runtime      # DAGs    # Errors  Last Runtime    Last Run
----------------------------  -----  ---------  --------  ----------  --------------  -------------------
/opt/airflow/dags/etl_dag.py                           1           0  0.61s           2025-05-22T07:44:04
================================================================================
[2025-05-22T07:44:46.119+0000] {manager.py:738} INFO - Searching for files in /opt/airflow/dags
[2025-05-22T07:44:46.229+0000] {manager.py:741} INFO - There are 1 files in /opt/airflow/dags
[2025-05-22T07:44:55.402+0000] {manager.py:879} INFO - 
================================================================================
DAG File Processing Stats

File Path                     PID    Runtime      # DAGs    # Errors  Last Runtime    Last Run
----------------------------  -----  ---------  --------  ----------  --------------  -------------------
/opt/airflow/dags/etl_dag.py                           1           0  0.56s           2025-05-22T07:44:35
================================================================================
[2025-05-22T07:45:25.484+0000] {manager.py:879} INFO - 
================================================================================
DAG File Processing Stats

File Path                     PID    Runtime      # DAGs    # Errors  Last Runtime    Last Run
----------------------------  -----  ---------  --------  ----------  --------------  -------------------
/opt/airflow/dags/etl_dag.py                           1           0  0.61s           2025-05-22T07:45:06
================================================================================
[2025-05-22T07:45:55.970+0000] {manager.py:879} INFO - 
================================================================================
DAG File Processing Stats

File Path                     PID    Runtime      # DAGs    # Errors  Last Runtime    Last Run
----------------------------  -----  ---------  --------  ----------  --------------  -------------------
/opt/airflow/dags/etl_dag.py                           1           0  0.33s           2025-05-22T07:45:37
================================================================================
[2025-05-22T07:46:26.036+0000] {manager.py:879} INFO - 
================================================================================
DAG File Processing Stats

File Path                     PID    Runtime      # DAGs    # Errors  Last Runtime    Last Run
----------------------------  -----  ---------  --------  ----------  --------------  -------------------
/opt/airflow/dags/etl_dag.py                           1           0  0.59s           2025-05-22T07:46:07
================================================================================
[2025-05-22T07:46:56.462+0000] {manager.py:879} INFO - 
================================================================================
DAG File Processing Stats

File Path                     PID    Runtime      # DAGs    # Errors  Last Runtime    Last Run
----------------------------  -----  ---------  --------  ----------  --------------  -------------------
/opt/airflow/dags/etl_dag.py                           1           0  0.48s           2025-05-22T07:46:38
================================================================================
[2025-05-22T07:47:26.460+0000] {manager.py:879} INFO - 
================================================================================
DAG File Processing Stats

File Path                     PID    Runtime      # DAGs    # Errors  Last Runtime    Last Run
----------------------------  -----  ---------  --------  ----------  --------------  -------------------
/opt/airflow/dags/etl_dag.py                           1           0  0.59s           2025-05-22T07:47:09
================================================================================
[2025-05-22T07:47:56.757+0000] {manager.py:879} INFO - 
================================================================================
DAG File Processing Stats

File Path                     PID    Runtime      # DAGs    # Errors  Last Runtime    Last Run
----------------------------  -----  ---------  --------  ----------  --------------  -------------------
/opt/airflow/dags/etl_dag.py                           1           0  0.47s           2025-05-22T07:47:40
================================================================================
[2025-05-22T07:48:27.126+0000] {manager.py:879} INFO - 
================================================================================
DAG File Processing Stats

File Path                     PID    Runtime      # DAGs    # Errors  Last Runtime    Last Run
----------------------------  -----  ---------  --------  ----------  --------------  -------------------
/opt/airflow/dags/etl_dag.py                           1           0  0.62s           2025-05-22T07:48:10
================================================================================
[2025-05-22T07:48:57.652+0000] {manager.py:879} INFO - 
================================================================================
DAG File Processing Stats

File Path                     PID    Runtime      # DAGs    # Errors  Last Runtime    Last Run
----------------------------  -----  ---------  --------  ----------  --------------  -------------------
/opt/airflow/dags/etl_dag.py                           1           0  0.41s           2025-05-22T07:48:41
================================================================================
[2025-05-22T07:49:27.805+0000] {manager.py:879} INFO - 
================================================================================
DAG File Processing Stats

File Path                     PID    Runtime      # DAGs    # Errors  Last Runtime    Last Run
----------------------------  -----  ---------  --------  ----------  --------------  -------------------
/opt/airflow/dags/etl_dag.py                           1           0  0.70s           2025-05-22T07:49:12
================================================================================
[2025-05-22T07:49:46.180+0000] {manager.py:738} INFO - Searching for files in /opt/airflow/dags
[2025-05-22T07:49:46.307+0000] {manager.py:741} INFO - There are 1 files in /opt/airflow/dags
[2025-05-22T07:49:58.221+0000] {manager.py:879} INFO - 
================================================================================
DAG File Processing Stats

File Path                     PID    Runtime      # DAGs    # Errors  Last Runtime    Last Run
----------------------------  -----  ---------  --------  ----------  --------------  -------------------
/opt/airflow/dags/etl_dag.py                           1           0  0.47s           2025-05-22T07:49:43
================================================================================
[2025-05-22T07:50:28.370+0000] {manager.py:879} INFO - 
================================================================================
DAG File Processing Stats

File Path                     PID    Runtime      # DAGs    # Errors  Last Runtime    Last Run
----------------------------  -----  ---------  --------  ----------  --------------  -------------------
/opt/airflow/dags/etl_dag.py                           1           0  0.73s           2025-05-22T07:50:14
================================================================================
[2025-05-22T07:50:58.820+0000] {manager.py:879} INFO - 
================================================================================
DAG File Processing Stats

File Path                     PID    Runtime      # DAGs    # Errors  Last Runtime    Last Run
----------------------------  -----  ---------  --------  ----------  --------------  -------------------
/opt/airflow/dags/etl_dag.py                           1           0  0.43s           2025-05-22T07:50:45
================================================================================
[2025-05-22T07:51:28.969+0000] {manager.py:879} INFO - 
================================================================================
DAG File Processing Stats

File Path                     PID    Runtime      # DAGs    # Errors  Last Runtime    Last Run
----------------------------  -----  ---------  --------  ----------  --------------  -------------------
/opt/airflow/dags/etl_dag.py                           1           0  0.65s           2025-05-22T07:51:15
================================================================================
[2025-05-22T07:51:55.771+0000] {manager.py:451} INFO - Exiting gracefully upon receiving signal 15
[2025-05-22T07:53:45.527+0000] {manager.py:469} INFO - Processing files using up to 2 processes at a time 
[2025-05-22T07:53:45.531+0000] {manager.py:470} INFO - Process each file at most once every 30 seconds
[2025-05-22T07:53:45.532+0000] {manager.py:471} INFO - Checking for new files in /opt/airflow/dags every 300 seconds
[2025-05-22T07:53:45.533+0000] {manager.py:738} INFO - Searching for files in /opt/airflow/dags
[2025-05-22T07:53:45.571+0000] {manager.py:741} INFO - There are 1 files in /opt/airflow/dags
[2025-05-22T07:53:45.762+0000] {manager.py:879} INFO - 
================================================================================
DAG File Processing Stats

File Path                       PID  Runtime      # DAGs    # Errors  Last Runtime    Last Run
----------------------------  -----  ---------  --------  ----------  --------------  ----------
/opt/airflow/dags/etl_dag.py    166  0.08s             0           0
================================================================================
[2025-05-22T07:54:16.270+0000] {manager.py:879} INFO - 
================================================================================
DAG File Processing Stats

File Path                       PID  Runtime      # DAGs    # Errors  Last Runtime    Last Run
----------------------------  -----  ---------  --------  ----------  --------------  -------------------
/opt/airflow/dags/etl_dag.py    175  0.01s             1           0  0.40s           2025-05-22T07:53:46
================================================================================
[2025-05-22T07:54:46.740+0000] {manager.py:879} INFO - 
================================================================================
DAG File Processing Stats

File Path                     PID    Runtime      # DAGs    # Errors  Last Runtime    Last Run
----------------------------  -----  ---------  --------  ----------  --------------  -------------------
/opt/airflow/dags/etl_dag.py                           1           0  1.02s           2025-05-22T07:54:17
================================================================================
[2025-05-22T07:55:16.857+0000] {manager.py:879} INFO - 
================================================================================
DAG File Processing Stats

File Path                     PID    Runtime      # DAGs    # Errors  Last Runtime    Last Run
----------------------------  -----  ---------  --------  ----------  --------------  -------------------
/opt/airflow/dags/etl_dag.py                           1           0  0.67s           2025-05-22T07:54:48
================================================================================
[2025-05-22T07:55:42.592+0000] {manager.py:451} INFO - Exiting gracefully upon receiving signal 15
