[2025-05-22T07:26:10.351+0000] {processor.py:161} INFO - Started process (PID=167) to work on /opt/airflow/dags/etl_dag.py
[2025-05-22T07:26:10.354+0000] {processor.py:830} INFO - Processing file /opt/airflow/dags/etl_dag.py for tasks to queue
[2025-05-22T07:26:10.357+0000] {logging_mixin.py:188} INFO - [2025-05-22T07:26:10.356+0000] {dagbag.py:538} INFO - Filling up the DagBag from /opt/airflow/dags/etl_dag.py
[2025-05-22T07:26:10.435+0000] {processor.py:840} INFO - DAG(s) 'pakwheels_etl_pipeline' retrieved from /opt/airflow/dags/etl_dag.py
[2025-05-22T07:26:10.501+0000] {logging_mixin.py:188} INFO - [2025-05-22T07:26:10.500+0000] {dag.py:3036} INFO - Sync 1 DAGs
[2025-05-22T07:26:10.553+0000] {logging_mixin.py:188} INFO - [2025-05-22T07:26:10.552+0000] {dag.py:3823} INFO - Setting next_dagrun for pakwheels_etl_pipeline to 2025-05-22 07:20:00+00:00, run_after=2025-05-22 07:25:00+00:00
[2025-05-22T07:26:10.593+0000] {processor.py:183} INFO - Processing /opt/airflow/dags/etl_dag.py took 0.250 seconds
[2025-05-22T07:26:40.843+0000] {processor.py:161} INFO - Started process (PID=172) to work on /opt/airflow/dags/etl_dag.py
[2025-05-22T07:26:40.846+0000] {processor.py:830} INFO - Processing file /opt/airflow/dags/etl_dag.py for tasks to queue
[2025-05-22T07:26:40.852+0000] {logging_mixin.py:188} INFO - [2025-05-22T07:26:40.851+0000] {dagbag.py:538} INFO - Filling up the DagBag from /opt/airflow/dags/etl_dag.py
[2025-05-22T07:26:40.933+0000] {processor.py:840} INFO - DAG(s) 'pakwheels_etl_pipeline' retrieved from /opt/airflow/dags/etl_dag.py
[2025-05-22T07:26:42.882+0000] {logging_mixin.py:188} INFO - [2025-05-22T07:26:42.882+0000] {dag.py:3036} INFO - Sync 1 DAGs
[2025-05-22T07:26:43.044+0000] {logging_mixin.py:188} INFO - [2025-05-22T07:26:43.043+0000] {dag.py:3823} INFO - Setting next_dagrun for pakwheels_etl_pipeline to 2025-05-22 07:20:00+00:00, run_after=2025-05-22 07:25:00+00:00
[2025-05-22T07:26:43.127+0000] {processor.py:183} INFO - Processing /opt/airflow/dags/etl_dag.py took 2.309 seconds
[2025-05-22T07:27:13.441+0000] {processor.py:161} INFO - Started process (PID=177) to work on /opt/airflow/dags/etl_dag.py
[2025-05-22T07:27:13.466+0000] {processor.py:830} INFO - Processing file /opt/airflow/dags/etl_dag.py for tasks to queue
[2025-05-22T07:27:13.481+0000] {logging_mixin.py:188} INFO - [2025-05-22T07:27:13.475+0000] {dagbag.py:538} INFO - Filling up the DagBag from /opt/airflow/dags/etl_dag.py
[2025-05-22T07:27:13.564+0000] {processor.py:840} INFO - DAG(s) 'pakwheels_etl_pipeline' retrieved from /opt/airflow/dags/etl_dag.py
[2025-05-22T07:27:14.788+0000] {logging_mixin.py:188} INFO - [2025-05-22T07:27:14.787+0000] {dag.py:3036} INFO - Sync 1 DAGs
[2025-05-22T07:27:15.505+0000] {logging_mixin.py:188} INFO - [2025-05-22T07:27:15.504+0000] {dag.py:3823} INFO - Setting next_dagrun for pakwheels_etl_pipeline to 2025-05-22 07:20:00+00:00, run_after=2025-05-22 07:25:00+00:00
[2025-05-22T07:27:16.038+0000] {processor.py:183} INFO - Processing /opt/airflow/dags/etl_dag.py took 2.607 seconds
[2025-05-22T07:27:47.270+0000] {processor.py:161} INFO - Started process (PID=182) to work on /opt/airflow/dags/etl_dag.py
[2025-05-22T07:27:47.317+0000] {processor.py:830} INFO - Processing file /opt/airflow/dags/etl_dag.py for tasks to queue
[2025-05-22T07:27:47.342+0000] {logging_mixin.py:188} INFO - [2025-05-22T07:27:47.334+0000] {dagbag.py:538} INFO - Filling up the DagBag from /opt/airflow/dags/etl_dag.py
[2025-05-22T07:27:48.111+0000] {processor.py:840} INFO - DAG(s) 'pakwheels_etl_pipeline' retrieved from /opt/airflow/dags/etl_dag.py
[2025-05-22T07:27:49.072+0000] {logging_mixin.py:188} INFO - [2025-05-22T07:27:49.069+0000] {dag.py:3036} INFO - Sync 1 DAGs
[2025-05-22T07:27:49.439+0000] {logging_mixin.py:188} INFO - [2025-05-22T07:27:49.438+0000] {dag.py:3823} INFO - Setting next_dagrun for pakwheels_etl_pipeline to 2025-05-22 07:20:00+00:00, run_after=2025-05-22 07:25:00+00:00
[2025-05-22T07:27:49.626+0000] {processor.py:183} INFO - Processing /opt/airflow/dags/etl_dag.py took 2.550 seconds
[2025-05-22T07:29:28.188+0000] {processor.py:161} INFO - Started process (PID=167) to work on /opt/airflow/dags/etl_dag.py
[2025-05-22T07:29:28.190+0000] {processor.py:830} INFO - Processing file /opt/airflow/dags/etl_dag.py for tasks to queue
[2025-05-22T07:29:28.193+0000] {logging_mixin.py:188} INFO - [2025-05-22T07:29:28.192+0000] {dagbag.py:538} INFO - Filling up the DagBag from /opt/airflow/dags/etl_dag.py
[2025-05-22T07:29:28.301+0000] {processor.py:840} INFO - DAG(s) 'pakwheels_etl_pipeline' retrieved from /opt/airflow/dags/etl_dag.py
[2025-05-22T07:29:28.875+0000] {logging_mixin.py:188} INFO - [2025-05-22T07:29:28.874+0000] {dag.py:3036} INFO - Sync 1 DAGs
[2025-05-22T07:29:28.931+0000] {logging_mixin.py:188} INFO - [2025-05-22T07:29:28.931+0000] {dag.py:3823} INFO - Setting next_dagrun for pakwheels_etl_pipeline to 2025-05-22 07:20:00+00:00, run_after=2025-05-22 07:25:00+00:00
[2025-05-22T07:29:28.997+0000] {processor.py:183} INFO - Processing /opt/airflow/dags/etl_dag.py took 0.816 seconds
[2025-05-22T07:29:59.434+0000] {processor.py:161} INFO - Started process (PID=172) to work on /opt/airflow/dags/etl_dag.py
[2025-05-22T07:29:59.437+0000] {processor.py:830} INFO - Processing file /opt/airflow/dags/etl_dag.py for tasks to queue
[2025-05-22T07:29:59.440+0000] {logging_mixin.py:188} INFO - [2025-05-22T07:29:59.439+0000] {dagbag.py:538} INFO - Filling up the DagBag from /opt/airflow/dags/etl_dag.py
[2025-05-22T07:30:01.405+0000] {processor.py:840} INFO - DAG(s) 'pakwheels_etl_pipeline' retrieved from /opt/airflow/dags/etl_dag.py
[2025-05-22T07:30:01.526+0000] {logging_mixin.py:188} INFO - [2025-05-22T07:30:01.526+0000] {dag.py:3036} INFO - Sync 1 DAGs
[2025-05-22T07:30:01.591+0000] {logging_mixin.py:188} INFO - [2025-05-22T07:30:01.591+0000] {dag.py:3823} INFO - Setting next_dagrun for pakwheels_etl_pipeline to 2025-05-22 07:25:00+00:00, run_after=2025-05-22 07:30:00+00:00
[2025-05-22T07:30:01.639+0000] {processor.py:183} INFO - Processing /opt/airflow/dags/etl_dag.py took 2.213 seconds
[2025-05-22T07:30:32.095+0000] {processor.py:161} INFO - Started process (PID=177) to work on /opt/airflow/dags/etl_dag.py
[2025-05-22T07:30:32.097+0000] {processor.py:830} INFO - Processing file /opt/airflow/dags/etl_dag.py for tasks to queue
[2025-05-22T07:30:32.100+0000] {logging_mixin.py:188} INFO - [2025-05-22T07:30:32.099+0000] {dagbag.py:538} INFO - Filling up the DagBag from /opt/airflow/dags/etl_dag.py
[2025-05-22T07:30:32.174+0000] {processor.py:840} INFO - DAG(s) 'pakwheels_etl_pipeline' retrieved from /opt/airflow/dags/etl_dag.py
[2025-05-22T07:30:32.257+0000] {logging_mixin.py:188} INFO - [2025-05-22T07:30:32.257+0000] {dag.py:3036} INFO - Sync 1 DAGs
[2025-05-22T07:30:32.337+0000] {logging_mixin.py:188} INFO - [2025-05-22T07:30:32.336+0000] {dag.py:3823} INFO - Setting next_dagrun for pakwheels_etl_pipeline to 2025-05-22 07:25:00+00:00, run_after=2025-05-22 07:30:00+00:00
[2025-05-22T07:30:32.435+0000] {processor.py:183} INFO - Processing /opt/airflow/dags/etl_dag.py took 0.348 seconds
[2025-05-22T07:31:03.027+0000] {processor.py:161} INFO - Started process (PID=182) to work on /opt/airflow/dags/etl_dag.py
[2025-05-22T07:31:03.033+0000] {processor.py:830} INFO - Processing file /opt/airflow/dags/etl_dag.py for tasks to queue
[2025-05-22T07:31:03.039+0000] {logging_mixin.py:188} INFO - [2025-05-22T07:31:03.037+0000] {dagbag.py:538} INFO - Filling up the DagBag from /opt/airflow/dags/etl_dag.py
[2025-05-22T07:31:03.173+0000] {processor.py:840} INFO - DAG(s) 'pakwheels_etl_pipeline' retrieved from /opt/airflow/dags/etl_dag.py
[2025-05-22T07:31:03.682+0000] {logging_mixin.py:188} INFO - [2025-05-22T07:31:03.681+0000] {dag.py:3036} INFO - Sync 1 DAGs
[2025-05-22T07:31:04.017+0000] {logging_mixin.py:188} INFO - [2025-05-22T07:31:04.017+0000] {dag.py:3823} INFO - Setting next_dagrun for pakwheels_etl_pipeline to 2025-05-22 07:25:00+00:00, run_after=2025-05-22 07:30:00+00:00
[2025-05-22T07:31:04.114+0000] {processor.py:183} INFO - Processing /opt/airflow/dags/etl_dag.py took 1.106 seconds
[2025-05-22T07:31:34.480+0000] {processor.py:161} INFO - Started process (PID=187) to work on /opt/airflow/dags/etl_dag.py
[2025-05-22T07:31:34.485+0000] {processor.py:830} INFO - Processing file /opt/airflow/dags/etl_dag.py for tasks to queue
[2025-05-22T07:31:34.489+0000] {logging_mixin.py:188} INFO - [2025-05-22T07:31:34.488+0000] {dagbag.py:538} INFO - Filling up the DagBag from /opt/airflow/dags/etl_dag.py
[2025-05-22T07:31:34.581+0000] {processor.py:840} INFO - DAG(s) 'pakwheels_etl_pipeline' retrieved from /opt/airflow/dags/etl_dag.py
[2025-05-22T07:31:34.970+0000] {logging_mixin.py:188} INFO - [2025-05-22T07:31:34.970+0000] {dag.py:3036} INFO - Sync 1 DAGs
[2025-05-22T07:31:35.191+0000] {logging_mixin.py:188} INFO - [2025-05-22T07:31:35.190+0000] {dag.py:3823} INFO - Setting next_dagrun for pakwheels_etl_pipeline to 2025-05-22 07:25:00+00:00, run_after=2025-05-22 07:30:00+00:00
[2025-05-22T07:31:35.295+0000] {processor.py:183} INFO - Processing /opt/airflow/dags/etl_dag.py took 0.829 seconds
[2025-05-22T07:32:05.891+0000] {processor.py:161} INFO - Started process (PID=192) to work on /opt/airflow/dags/etl_dag.py
[2025-05-22T07:32:05.902+0000] {processor.py:830} INFO - Processing file /opt/airflow/dags/etl_dag.py for tasks to queue
[2025-05-22T07:32:05.913+0000] {logging_mixin.py:188} INFO - [2025-05-22T07:32:05.910+0000] {dagbag.py:538} INFO - Filling up the DagBag from /opt/airflow/dags/etl_dag.py
[2025-05-22T07:32:06.022+0000] {processor.py:840} INFO - DAG(s) 'pakwheels_etl_pipeline' retrieved from /opt/airflow/dags/etl_dag.py
[2025-05-22T07:32:06.093+0000] {logging_mixin.py:188} INFO - [2025-05-22T07:32:06.093+0000] {dag.py:3036} INFO - Sync 1 DAGs
[2025-05-22T07:32:06.201+0000] {logging_mixin.py:188} INFO - [2025-05-22T07:32:06.200+0000] {dag.py:3823} INFO - Setting next_dagrun for pakwheels_etl_pipeline to 2025-05-22 07:25:00+00:00, run_after=2025-05-22 07:30:00+00:00
[2025-05-22T07:32:06.269+0000] {processor.py:183} INFO - Processing /opt/airflow/dags/etl_dag.py took 0.418 seconds
[2025-05-22T07:32:36.541+0000] {processor.py:161} INFO - Started process (PID=197) to work on /opt/airflow/dags/etl_dag.py
[2025-05-22T07:32:36.545+0000] {processor.py:830} INFO - Processing file /opt/airflow/dags/etl_dag.py for tasks to queue
[2025-05-22T07:32:36.548+0000] {logging_mixin.py:188} INFO - [2025-05-22T07:32:36.547+0000] {dagbag.py:538} INFO - Filling up the DagBag from /opt/airflow/dags/etl_dag.py
[2025-05-22T07:32:36.621+0000] {processor.py:840} INFO - DAG(s) 'pakwheels_etl_pipeline' retrieved from /opt/airflow/dags/etl_dag.py
[2025-05-22T07:32:36.888+0000] {logging_mixin.py:188} INFO - [2025-05-22T07:32:36.888+0000] {dag.py:3036} INFO - Sync 1 DAGs
[2025-05-22T07:32:37.174+0000] {logging_mixin.py:188} INFO - [2025-05-22T07:32:37.173+0000] {dag.py:3823} INFO - Setting next_dagrun for pakwheels_etl_pipeline to 2025-05-22 07:25:00+00:00, run_after=2025-05-22 07:30:00+00:00
[2025-05-22T07:32:37.315+0000] {processor.py:183} INFO - Processing /opt/airflow/dags/etl_dag.py took 0.784 seconds
[2025-05-22T07:33:07.868+0000] {processor.py:161} INFO - Started process (PID=202) to work on /opt/airflow/dags/etl_dag.py
[2025-05-22T07:33:07.871+0000] {processor.py:830} INFO - Processing file /opt/airflow/dags/etl_dag.py for tasks to queue
[2025-05-22T07:33:07.874+0000] {logging_mixin.py:188} INFO - [2025-05-22T07:33:07.874+0000] {dagbag.py:538} INFO - Filling up the DagBag from /opt/airflow/dags/etl_dag.py
[2025-05-22T07:33:07.954+0000] {processor.py:840} INFO - DAG(s) 'pakwheels_etl_pipeline' retrieved from /opt/airflow/dags/etl_dag.py
[2025-05-22T07:33:08.043+0000] {logging_mixin.py:188} INFO - [2025-05-22T07:33:08.042+0000] {dag.py:3036} INFO - Sync 1 DAGs
[2025-05-22T07:33:08.145+0000] {logging_mixin.py:188} INFO - [2025-05-22T07:33:08.145+0000] {dag.py:3823} INFO - Setting next_dagrun for pakwheels_etl_pipeline to 2025-05-22 07:25:00+00:00, run_after=2025-05-22 07:30:00+00:00
[2025-05-22T07:33:08.194+0000] {processor.py:183} INFO - Processing /opt/airflow/dags/etl_dag.py took 0.336 seconds
[2025-05-22T07:33:38.720+0000] {processor.py:161} INFO - Started process (PID=207) to work on /opt/airflow/dags/etl_dag.py
[2025-05-22T07:33:38.733+0000] {processor.py:830} INFO - Processing file /opt/airflow/dags/etl_dag.py for tasks to queue
[2025-05-22T07:33:38.737+0000] {logging_mixin.py:188} INFO - [2025-05-22T07:33:38.736+0000] {dagbag.py:538} INFO - Filling up the DagBag from /opt/airflow/dags/etl_dag.py
[2025-05-22T07:33:38.988+0000] {processor.py:840} INFO - DAG(s) 'pakwheels_etl_pipeline' retrieved from /opt/airflow/dags/etl_dag.py
[2025-05-22T07:33:39.164+0000] {logging_mixin.py:188} INFO - [2025-05-22T07:33:39.164+0000] {dag.py:3036} INFO - Sync 1 DAGs
[2025-05-22T07:34:45.972+0000] {processor.py:161} INFO - Started process (PID=167) to work on /opt/airflow/dags/etl_dag.py
[2025-05-22T07:34:45.977+0000] {processor.py:830} INFO - Processing file /opt/airflow/dags/etl_dag.py for tasks to queue
[2025-05-22T07:34:45.981+0000] {logging_mixin.py:188} INFO - [2025-05-22T07:34:45.980+0000] {dagbag.py:538} INFO - Filling up the DagBag from /opt/airflow/dags/etl_dag.py
[2025-05-22T07:34:46.111+0000] {processor.py:840} INFO - DAG(s) 'pakwheels_etl_pipeline' retrieved from /opt/airflow/dags/etl_dag.py
[2025-05-22T07:34:47.068+0000] {logging_mixin.py:188} INFO - [2025-05-22T07:34:47.066+0000] {override.py:1769} INFO - Created Permission View: can edit on DAG:pakwheels_etl_pipeline
[2025-05-22T07:34:47.129+0000] {logging_mixin.py:188} INFO - [2025-05-22T07:34:47.127+0000] {override.py:1769} INFO - Created Permission View: can read on DAG:pakwheels_etl_pipeline
[2025-05-22T07:34:47.162+0000] {logging_mixin.py:188} INFO - [2025-05-22T07:34:47.161+0000] {override.py:1769} INFO - Created Permission View: can delete on DAG:pakwheels_etl_pipeline
[2025-05-22T07:34:47.165+0000] {logging_mixin.py:188} INFO - [2025-05-22T07:34:47.164+0000] {dag.py:3036} INFO - Sync 1 DAGs
[2025-05-22T07:34:47.218+0000] {logging_mixin.py:188} INFO - [2025-05-22T07:34:47.217+0000] {dag.py:3058} INFO - Creating ORM DAG for pakwheels_etl_pipeline
[2025-05-22T07:34:47.294+0000] {logging_mixin.py:188} INFO - [2025-05-22T07:34:47.293+0000] {dag.py:3823} INFO - Setting next_dagrun for pakwheels_etl_pipeline to 2025-05-22 07:25:00+00:00, run_after=2025-05-22 07:30:00+00:00
[2025-05-22T07:34:47.437+0000] {processor.py:183} INFO - Processing /opt/airflow/dags/etl_dag.py took 1.475 seconds
[2025-05-22T07:35:17.925+0000] {processor.py:161} INFO - Started process (PID=172) to work on /opt/airflow/dags/etl_dag.py
[2025-05-22T07:35:17.930+0000] {processor.py:830} INFO - Processing file /opt/airflow/dags/etl_dag.py for tasks to queue
[2025-05-22T07:35:17.933+0000] {logging_mixin.py:188} INFO - [2025-05-22T07:35:17.932+0000] {dagbag.py:538} INFO - Filling up the DagBag from /opt/airflow/dags/etl_dag.py
[2025-05-22T07:35:18.030+0000] {processor.py:840} INFO - DAG(s) 'pakwheels_etl_pipeline' retrieved from /opt/airflow/dags/etl_dag.py
[2025-05-22T07:35:18.133+0000] {logging_mixin.py:188} INFO - [2025-05-22T07:35:18.133+0000] {dag.py:3036} INFO - Sync 1 DAGs
[2025-05-22T07:35:18.199+0000] {logging_mixin.py:188} INFO - [2025-05-22T07:35:18.198+0000] {dag.py:3823} INFO - Setting next_dagrun for pakwheels_etl_pipeline to 2025-05-22 07:30:00+00:00, run_after=2025-05-22 07:35:00+00:00
[2025-05-22T07:35:18.282+0000] {processor.py:183} INFO - Processing /opt/airflow/dags/etl_dag.py took 0.377 seconds
[2025-05-22T07:35:48.532+0000] {processor.py:161} INFO - Started process (PID=177) to work on /opt/airflow/dags/etl_dag.py
[2025-05-22T07:35:48.536+0000] {processor.py:830} INFO - Processing file /opt/airflow/dags/etl_dag.py for tasks to queue
[2025-05-22T07:35:48.543+0000] {logging_mixin.py:188} INFO - [2025-05-22T07:35:48.540+0000] {dagbag.py:538} INFO - Filling up the DagBag from /opt/airflow/dags/etl_dag.py
[2025-05-22T07:35:48.631+0000] {processor.py:840} INFO - DAG(s) 'pakwheels_etl_pipeline' retrieved from /opt/airflow/dags/etl_dag.py
[2025-05-22T07:35:48.773+0000] {logging_mixin.py:188} INFO - [2025-05-22T07:35:48.773+0000] {dag.py:3036} INFO - Sync 1 DAGs
[2025-05-22T07:35:48.846+0000] {logging_mixin.py:188} INFO - [2025-05-22T07:35:48.845+0000] {dag.py:3823} INFO - Setting next_dagrun for pakwheels_etl_pipeline to 2025-05-22 07:30:00+00:00, run_after=2025-05-22 07:35:00+00:00
[2025-05-22T07:35:48.902+0000] {processor.py:183} INFO - Processing /opt/airflow/dags/etl_dag.py took 0.388 seconds
[2025-05-22T07:36:19.336+0000] {processor.py:161} INFO - Started process (PID=182) to work on /opt/airflow/dags/etl_dag.py
[2025-05-22T07:36:19.343+0000] {processor.py:830} INFO - Processing file /opt/airflow/dags/etl_dag.py for tasks to queue
[2025-05-22T07:36:19.349+0000] {logging_mixin.py:188} INFO - [2025-05-22T07:36:19.347+0000] {dagbag.py:538} INFO - Filling up the DagBag from /opt/airflow/dags/etl_dag.py
[2025-05-22T07:36:19.525+0000] {processor.py:840} INFO - DAG(s) 'pakwheels_etl_pipeline' retrieved from /opt/airflow/dags/etl_dag.py
[2025-05-22T07:36:19.817+0000] {logging_mixin.py:188} INFO - [2025-05-22T07:36:19.816+0000] {dag.py:3036} INFO - Sync 1 DAGs
[2025-05-22T07:36:20.194+0000] {logging_mixin.py:188} INFO - [2025-05-22T07:36:20.193+0000] {dag.py:3823} INFO - Setting next_dagrun for pakwheels_etl_pipeline to 2025-05-22 07:30:00+00:00, run_after=2025-05-22 07:35:00+00:00
[2025-05-22T07:36:20.458+0000] {processor.py:183} INFO - Processing /opt/airflow/dags/etl_dag.py took 1.153 seconds
[2025-05-22T07:36:51.023+0000] {processor.py:161} INFO - Started process (PID=187) to work on /opt/airflow/dags/etl_dag.py
[2025-05-22T07:36:51.031+0000] {processor.py:830} INFO - Processing file /opt/airflow/dags/etl_dag.py for tasks to queue
[2025-05-22T07:36:51.038+0000] {logging_mixin.py:188} INFO - [2025-05-22T07:36:51.036+0000] {dagbag.py:538} INFO - Filling up the DagBag from /opt/airflow/dags/etl_dag.py
[2025-05-22T07:36:51.480+0000] {processor.py:840} INFO - DAG(s) 'pakwheels_etl_pipeline' retrieved from /opt/airflow/dags/etl_dag.py
[2025-05-22T07:36:51.674+0000] {logging_mixin.py:188} INFO - [2025-05-22T07:36:51.674+0000] {dag.py:3036} INFO - Sync 1 DAGs
[2025-05-22T07:36:51.827+0000] {logging_mixin.py:188} INFO - [2025-05-22T07:36:51.823+0000] {dag.py:3823} INFO - Setting next_dagrun for pakwheels_etl_pipeline to 2025-05-22 07:30:00+00:00, run_after=2025-05-22 07:35:00+00:00
[2025-05-22T07:36:51.951+0000] {processor.py:183} INFO - Processing /opt/airflow/dags/etl_dag.py took 0.956 seconds
[2025-05-22T07:37:22.426+0000] {processor.py:161} INFO - Started process (PID=192) to work on /opt/airflow/dags/etl_dag.py
[2025-05-22T07:37:22.430+0000] {processor.py:830} INFO - Processing file /opt/airflow/dags/etl_dag.py for tasks to queue
[2025-05-22T07:37:22.434+0000] {logging_mixin.py:188} INFO - [2025-05-22T07:37:22.432+0000] {dagbag.py:538} INFO - Filling up the DagBag from /opt/airflow/dags/etl_dag.py
[2025-05-22T07:37:22.523+0000] {processor.py:840} INFO - DAG(s) 'pakwheels_etl_pipeline' retrieved from /opt/airflow/dags/etl_dag.py
[2025-05-22T07:37:22.732+0000] {logging_mixin.py:188} INFO - [2025-05-22T07:37:22.731+0000] {dag.py:3036} INFO - Sync 1 DAGs
[2025-05-22T07:37:22.815+0000] {logging_mixin.py:188} INFO - [2025-05-22T07:37:22.815+0000] {dag.py:3823} INFO - Setting next_dagrun for pakwheels_etl_pipeline to 2025-05-22 07:30:00+00:00, run_after=2025-05-22 07:35:00+00:00
[2025-05-22T07:37:22.871+0000] {processor.py:183} INFO - Processing /opt/airflow/dags/etl_dag.py took 0.458 seconds
[2025-05-22T07:37:53.428+0000] {processor.py:161} INFO - Started process (PID=197) to work on /opt/airflow/dags/etl_dag.py
[2025-05-22T07:37:53.431+0000] {processor.py:830} INFO - Processing file /opt/airflow/dags/etl_dag.py for tasks to queue
[2025-05-22T07:37:53.433+0000] {logging_mixin.py:188} INFO - [2025-05-22T07:37:53.433+0000] {dagbag.py:538} INFO - Filling up the DagBag from /opt/airflow/dags/etl_dag.py
[2025-05-22T07:37:53.518+0000] {processor.py:840} INFO - DAG(s) 'pakwheels_etl_pipeline' retrieved from /opt/airflow/dags/etl_dag.py
[2025-05-22T07:37:53.614+0000] {logging_mixin.py:188} INFO - [2025-05-22T07:37:53.614+0000] {dag.py:3036} INFO - Sync 1 DAGs
[2025-05-22T07:37:53.684+0000] {logging_mixin.py:188} INFO - [2025-05-22T07:37:53.683+0000] {dag.py:3823} INFO - Setting next_dagrun for pakwheels_etl_pipeline to 2025-05-22 07:30:00+00:00, run_after=2025-05-22 07:35:00+00:00
[2025-05-22T07:37:53.732+0000] {processor.py:183} INFO - Processing /opt/airflow/dags/etl_dag.py took 0.313 seconds
[2025-05-22T07:38:23.839+0000] {processor.py:161} INFO - Started process (PID=202) to work on /opt/airflow/dags/etl_dag.py
[2025-05-22T07:38:23.842+0000] {processor.py:830} INFO - Processing file /opt/airflow/dags/etl_dag.py for tasks to queue
[2025-05-22T07:38:23.845+0000] {logging_mixin.py:188} INFO - [2025-05-22T07:38:23.845+0000] {dagbag.py:538} INFO - Filling up the DagBag from /opt/airflow/dags/etl_dag.py
[2025-05-22T07:38:23.930+0000] {processor.py:840} INFO - DAG(s) 'pakwheels_etl_pipeline' retrieved from /opt/airflow/dags/etl_dag.py
[2025-05-22T07:38:24.016+0000] {logging_mixin.py:188} INFO - [2025-05-22T07:38:24.015+0000] {dag.py:3036} INFO - Sync 1 DAGs
[2025-05-22T07:38:24.098+0000] {logging_mixin.py:188} INFO - [2025-05-22T07:38:24.097+0000] {dag.py:3823} INFO - Setting next_dagrun for pakwheels_etl_pipeline to 2025-05-22 07:30:00+00:00, run_after=2025-05-22 07:35:00+00:00
[2025-05-22T07:38:24.174+0000] {processor.py:183} INFO - Processing /opt/airflow/dags/etl_dag.py took 0.343 seconds
[2025-05-22T07:38:55.011+0000] {processor.py:161} INFO - Started process (PID=213) to work on /opt/airflow/dags/etl_dag.py
[2025-05-22T07:38:55.051+0000] {processor.py:830} INFO - Processing file /opt/airflow/dags/etl_dag.py for tasks to queue
[2025-05-22T07:38:55.059+0000] {logging_mixin.py:188} INFO - [2025-05-22T07:38:55.056+0000] {dagbag.py:538} INFO - Filling up the DagBag from /opt/airflow/dags/etl_dag.py
[2025-05-22T07:38:55.142+0000] {processor.py:840} INFO - DAG(s) 'pakwheels_etl_pipeline' retrieved from /opt/airflow/dags/etl_dag.py
[2025-05-22T07:38:55.259+0000] {logging_mixin.py:188} INFO - [2025-05-22T07:38:55.259+0000] {dag.py:3036} INFO - Sync 1 DAGs
[2025-05-22T07:38:55.349+0000] {logging_mixin.py:188} INFO - [2025-05-22T07:38:55.348+0000] {dag.py:3823} INFO - Setting next_dagrun for pakwheels_etl_pipeline to 2025-05-22 07:35:00+00:00, run_after=2025-05-22 07:40:00+00:00
[2025-05-22T07:38:55.455+0000] {processor.py:183} INFO - Processing /opt/airflow/dags/etl_dag.py took 0.768 seconds
[2025-05-22T07:39:26.083+0000] {processor.py:161} INFO - Started process (PID=218) to work on /opt/airflow/dags/etl_dag.py
[2025-05-22T07:39:26.088+0000] {processor.py:830} INFO - Processing file /opt/airflow/dags/etl_dag.py for tasks to queue
[2025-05-22T07:39:26.092+0000] {logging_mixin.py:188} INFO - [2025-05-22T07:39:26.091+0000] {dagbag.py:538} INFO - Filling up the DagBag from /opt/airflow/dags/etl_dag.py
[2025-05-22T07:39:26.229+0000] {processor.py:840} INFO - DAG(s) 'pakwheels_etl_pipeline' retrieved from /opt/airflow/dags/etl_dag.py
[2025-05-22T07:39:26.292+0000] {logging_mixin.py:188} INFO - [2025-05-22T07:39:26.291+0000] {dag.py:3036} INFO - Sync 1 DAGs
[2025-05-22T07:39:26.345+0000] {logging_mixin.py:188} INFO - [2025-05-22T07:39:26.344+0000] {dag.py:3823} INFO - Setting next_dagrun for pakwheels_etl_pipeline to 2025-05-22 07:35:00+00:00, run_after=2025-05-22 07:40:00+00:00
[2025-05-22T07:39:26.408+0000] {processor.py:183} INFO - Processing /opt/airflow/dags/etl_dag.py took 0.337 seconds
[2025-05-22T07:39:57.181+0000] {processor.py:161} INFO - Started process (PID=229) to work on /opt/airflow/dags/etl_dag.py
[2025-05-22T07:39:57.187+0000] {processor.py:830} INFO - Processing file /opt/airflow/dags/etl_dag.py for tasks to queue
[2025-05-22T07:39:57.196+0000] {logging_mixin.py:188} INFO - [2025-05-22T07:39:57.195+0000] {dagbag.py:538} INFO - Filling up the DagBag from /opt/airflow/dags/etl_dag.py
[2025-05-22T07:39:57.273+0000] {processor.py:840} INFO - DAG(s) 'pakwheels_etl_pipeline' retrieved from /opt/airflow/dags/etl_dag.py
[2025-05-22T07:39:57.346+0000] {logging_mixin.py:188} INFO - [2025-05-22T07:39:57.346+0000] {dag.py:3036} INFO - Sync 1 DAGs
[2025-05-22T07:39:57.451+0000] {logging_mixin.py:188} INFO - [2025-05-22T07:39:57.451+0000] {dag.py:3823} INFO - Setting next_dagrun for pakwheels_etl_pipeline to 2025-05-22 07:35:00+00:00, run_after=2025-05-22 07:40:00+00:00
[2025-05-22T07:39:57.536+0000] {processor.py:183} INFO - Processing /opt/airflow/dags/etl_dag.py took 0.382 seconds
[2025-05-22T07:40:28.068+0000] {processor.py:161} INFO - Started process (PID=237) to work on /opt/airflow/dags/etl_dag.py
[2025-05-22T07:40:28.075+0000] {processor.py:830} INFO - Processing file /opt/airflow/dags/etl_dag.py for tasks to queue
[2025-05-22T07:40:28.082+0000] {logging_mixin.py:188} INFO - [2025-05-22T07:40:28.080+0000] {dagbag.py:538} INFO - Filling up the DagBag from /opt/airflow/dags/etl_dag.py
[2025-05-22T07:40:28.259+0000] {processor.py:840} INFO - DAG(s) 'pakwheels_etl_pipeline' retrieved from /opt/airflow/dags/etl_dag.py
[2025-05-22T07:40:28.453+0000] {logging_mixin.py:188} INFO - [2025-05-22T07:40:28.452+0000] {dag.py:3036} INFO - Sync 1 DAGs
[2025-05-22T07:40:28.603+0000] {logging_mixin.py:188} INFO - [2025-05-22T07:40:28.602+0000] {dag.py:3823} INFO - Setting next_dagrun for pakwheels_etl_pipeline to 2025-05-22 07:40:00+00:00, run_after=2025-05-22 07:45:00+00:00
[2025-05-22T07:40:28.711+0000] {processor.py:183} INFO - Processing /opt/airflow/dags/etl_dag.py took 0.669 seconds
[2025-05-22T07:40:59.398+0000] {processor.py:161} INFO - Started process (PID=242) to work on /opt/airflow/dags/etl_dag.py
[2025-05-22T07:40:59.404+0000] {processor.py:830} INFO - Processing file /opt/airflow/dags/etl_dag.py for tasks to queue
[2025-05-22T07:40:59.411+0000] {logging_mixin.py:188} INFO - [2025-05-22T07:40:59.409+0000] {dagbag.py:538} INFO - Filling up the DagBag from /opt/airflow/dags/etl_dag.py
[2025-05-22T07:40:59.579+0000] {processor.py:840} INFO - DAG(s) 'pakwheels_etl_pipeline' retrieved from /opt/airflow/dags/etl_dag.py
[2025-05-22T07:40:59.680+0000] {logging_mixin.py:188} INFO - [2025-05-22T07:40:59.679+0000] {dag.py:3036} INFO - Sync 1 DAGs
[2025-05-22T07:40:59.791+0000] {logging_mixin.py:188} INFO - [2025-05-22T07:40:59.790+0000] {dag.py:3823} INFO - Setting next_dagrun for pakwheels_etl_pipeline to 2025-05-22 07:40:00+00:00, run_after=2025-05-22 07:45:00+00:00
[2025-05-22T07:40:59.891+0000] {processor.py:183} INFO - Processing /opt/airflow/dags/etl_dag.py took 0.513 seconds
[2025-05-22T07:41:30.554+0000] {processor.py:161} INFO - Started process (PID=250) to work on /opt/airflow/dags/etl_dag.py
[2025-05-22T07:41:30.558+0000] {processor.py:830} INFO - Processing file /opt/airflow/dags/etl_dag.py for tasks to queue
[2025-05-22T07:41:30.561+0000] {logging_mixin.py:188} INFO - [2025-05-22T07:41:30.560+0000] {dagbag.py:538} INFO - Filling up the DagBag from /opt/airflow/dags/etl_dag.py
[2025-05-22T07:41:30.679+0000] {processor.py:840} INFO - DAG(s) 'pakwheels_etl_pipeline' retrieved from /opt/airflow/dags/etl_dag.py
[2025-05-22T07:41:30.809+0000] {logging_mixin.py:188} INFO - [2025-05-22T07:41:30.808+0000] {dag.py:3036} INFO - Sync 1 DAGs
[2025-05-22T07:41:30.873+0000] {logging_mixin.py:188} INFO - [2025-05-22T07:41:30.872+0000] {dag.py:3823} INFO - Setting next_dagrun for pakwheels_etl_pipeline to 2025-05-22 07:40:00+00:00, run_after=2025-05-22 07:45:00+00:00
[2025-05-22T07:41:30.913+0000] {processor.py:183} INFO - Processing /opt/airflow/dags/etl_dag.py took 0.375 seconds
[2025-05-22T07:42:01.530+0000] {processor.py:161} INFO - Started process (PID=255) to work on /opt/airflow/dags/etl_dag.py
[2025-05-22T07:42:01.532+0000] {processor.py:830} INFO - Processing file /opt/airflow/dags/etl_dag.py for tasks to queue
[2025-05-22T07:42:01.535+0000] {logging_mixin.py:188} INFO - [2025-05-22T07:42:01.534+0000] {dagbag.py:538} INFO - Filling up the DagBag from /opt/airflow/dags/etl_dag.py
[2025-05-22T07:42:01.592+0000] {processor.py:840} INFO - DAG(s) 'pakwheels_etl_pipeline' retrieved from /opt/airflow/dags/etl_dag.py
[2025-05-22T07:42:01.661+0000] {logging_mixin.py:188} INFO - [2025-05-22T07:42:01.661+0000] {dag.py:3036} INFO - Sync 1 DAGs
[2025-05-22T07:42:01.730+0000] {logging_mixin.py:188} INFO - [2025-05-22T07:42:01.730+0000] {dag.py:3823} INFO - Setting next_dagrun for pakwheels_etl_pipeline to 2025-05-22 07:40:00+00:00, run_after=2025-05-22 07:45:00+00:00
[2025-05-22T07:42:01.777+0000] {processor.py:183} INFO - Processing /opt/airflow/dags/etl_dag.py took 0.254 seconds
[2025-05-22T07:42:32.090+0000] {processor.py:161} INFO - Started process (PID=260) to work on /opt/airflow/dags/etl_dag.py
[2025-05-22T07:42:32.096+0000] {processor.py:830} INFO - Processing file /opt/airflow/dags/etl_dag.py for tasks to queue
[2025-05-22T07:42:32.103+0000] {logging_mixin.py:188} INFO - [2025-05-22T07:42:32.101+0000] {dagbag.py:538} INFO - Filling up the DagBag from /opt/airflow/dags/etl_dag.py
[2025-05-22T07:42:32.244+0000] {processor.py:840} INFO - DAG(s) 'pakwheels_etl_pipeline' retrieved from /opt/airflow/dags/etl_dag.py
[2025-05-22T07:42:32.376+0000] {logging_mixin.py:188} INFO - [2025-05-22T07:42:32.375+0000] {dag.py:3036} INFO - Sync 1 DAGs
[2025-05-22T07:42:32.431+0000] {logging_mixin.py:188} INFO - [2025-05-22T07:42:32.431+0000] {dag.py:3823} INFO - Setting next_dagrun for pakwheels_etl_pipeline to 2025-05-22 07:40:00+00:00, run_after=2025-05-22 07:45:00+00:00
[2025-05-22T07:42:32.476+0000] {processor.py:183} INFO - Processing /opt/airflow/dags/etl_dag.py took 0.404 seconds
[2025-05-22T07:43:02.758+0000] {processor.py:161} INFO - Started process (PID=265) to work on /opt/airflow/dags/etl_dag.py
[2025-05-22T07:43:02.764+0000] {processor.py:830} INFO - Processing file /opt/airflow/dags/etl_dag.py for tasks to queue
[2025-05-22T07:43:02.767+0000] {logging_mixin.py:188} INFO - [2025-05-22T07:43:02.766+0000] {dagbag.py:538} INFO - Filling up the DagBag from /opt/airflow/dags/etl_dag.py
[2025-05-22T07:43:02.831+0000] {processor.py:840} INFO - DAG(s) 'pakwheels_etl_pipeline' retrieved from /opt/airflow/dags/etl_dag.py
[2025-05-22T07:43:02.887+0000] {logging_mixin.py:188} INFO - [2025-05-22T07:43:02.887+0000] {dag.py:3036} INFO - Sync 1 DAGs
[2025-05-22T07:43:02.932+0000] {logging_mixin.py:188} INFO - [2025-05-22T07:43:02.931+0000] {dag.py:3823} INFO - Setting next_dagrun for pakwheels_etl_pipeline to 2025-05-22 07:40:00+00:00, run_after=2025-05-22 07:45:00+00:00
[2025-05-22T07:43:02.974+0000] {processor.py:183} INFO - Processing /opt/airflow/dags/etl_dag.py took 0.226 seconds
[2025-05-22T07:43:33.432+0000] {processor.py:161} INFO - Started process (PID=270) to work on /opt/airflow/dags/etl_dag.py
[2025-05-22T07:43:33.435+0000] {processor.py:830} INFO - Processing file /opt/airflow/dags/etl_dag.py for tasks to queue
[2025-05-22T07:43:33.438+0000] {logging_mixin.py:188} INFO - [2025-05-22T07:43:33.437+0000] {dagbag.py:538} INFO - Filling up the DagBag from /opt/airflow/dags/etl_dag.py
[2025-05-22T07:43:33.506+0000] {processor.py:840} INFO - DAG(s) 'pakwheels_etl_pipeline' retrieved from /opt/airflow/dags/etl_dag.py
[2025-05-22T07:43:33.581+0000] {logging_mixin.py:188} INFO - [2025-05-22T07:43:33.581+0000] {dag.py:3036} INFO - Sync 1 DAGs
[2025-05-22T07:43:33.652+0000] {logging_mixin.py:188} INFO - [2025-05-22T07:43:33.651+0000] {dag.py:3823} INFO - Setting next_dagrun for pakwheels_etl_pipeline to 2025-05-22 07:40:00+00:00, run_after=2025-05-22 07:45:00+00:00
[2025-05-22T07:43:33.709+0000] {processor.py:183} INFO - Processing /opt/airflow/dags/etl_dag.py took 0.284 seconds
[2025-05-22T07:44:03.999+0000] {processor.py:161} INFO - Started process (PID=275) to work on /opt/airflow/dags/etl_dag.py
[2025-05-22T07:44:04.006+0000] {processor.py:830} INFO - Processing file /opt/airflow/dags/etl_dag.py for tasks to queue
[2025-05-22T07:44:04.012+0000] {logging_mixin.py:188} INFO - [2025-05-22T07:44:04.010+0000] {dagbag.py:538} INFO - Filling up the DagBag from /opt/airflow/dags/etl_dag.py
[2025-05-22T07:44:04.134+0000] {processor.py:840} INFO - DAG(s) 'pakwheels_etl_pipeline' retrieved from /opt/airflow/dags/etl_dag.py
[2025-05-22T07:44:04.253+0000] {logging_mixin.py:188} INFO - [2025-05-22T07:44:04.252+0000] {dag.py:3036} INFO - Sync 1 DAGs
[2025-05-22T07:44:04.359+0000] {logging_mixin.py:188} INFO - [2025-05-22T07:44:04.358+0000] {dag.py:3823} INFO - Setting next_dagrun for pakwheels_etl_pipeline to 2025-05-22 07:40:00+00:00, run_after=2025-05-22 07:45:00+00:00
[2025-05-22T07:44:04.448+0000] {processor.py:183} INFO - Processing /opt/airflow/dags/etl_dag.py took 0.471 seconds
[2025-05-22T07:44:34.730+0000] {processor.py:161} INFO - Started process (PID=280) to work on /opt/airflow/dags/etl_dag.py
[2025-05-22T07:44:34.734+0000] {processor.py:830} INFO - Processing file /opt/airflow/dags/etl_dag.py for tasks to queue
[2025-05-22T07:44:34.739+0000] {logging_mixin.py:188} INFO - [2025-05-22T07:44:34.738+0000] {dagbag.py:538} INFO - Filling up the DagBag from /opt/airflow/dags/etl_dag.py
[2025-05-22T07:44:34.865+0000] {processor.py:840} INFO - DAG(s) 'pakwheels_etl_pipeline' retrieved from /opt/airflow/dags/etl_dag.py
[2025-05-22T07:44:35.015+0000] {logging_mixin.py:188} INFO - [2025-05-22T07:44:35.014+0000] {dag.py:3036} INFO - Sync 1 DAGs
[2025-05-22T07:44:35.094+0000] {logging_mixin.py:188} INFO - [2025-05-22T07:44:35.094+0000] {dag.py:3823} INFO - Setting next_dagrun for pakwheels_etl_pipeline to 2025-05-22 07:40:00+00:00, run_after=2025-05-22 07:45:00+00:00
[2025-05-22T07:44:35.160+0000] {processor.py:183} INFO - Processing /opt/airflow/dags/etl_dag.py took 0.445 seconds
[2025-05-22T07:45:05.710+0000] {processor.py:161} INFO - Started process (PID=288) to work on /opt/airflow/dags/etl_dag.py
[2025-05-22T07:45:05.713+0000] {processor.py:830} INFO - Processing file /opt/airflow/dags/etl_dag.py for tasks to queue
[2025-05-22T07:45:05.715+0000] {logging_mixin.py:188} INFO - [2025-05-22T07:45:05.715+0000] {dagbag.py:538} INFO - Filling up the DagBag from /opt/airflow/dags/etl_dag.py
[2025-05-22T07:45:05.815+0000] {processor.py:840} INFO - DAG(s) 'pakwheels_etl_pipeline' retrieved from /opt/airflow/dags/etl_dag.py
[2025-05-22T07:45:05.983+0000] {logging_mixin.py:188} INFO - [2025-05-22T07:45:05.982+0000] {dag.py:3036} INFO - Sync 1 DAGs
[2025-05-22T07:45:06.092+0000] {logging_mixin.py:188} INFO - [2025-05-22T07:45:06.091+0000] {dag.py:3823} INFO - Setting next_dagrun for pakwheels_etl_pipeline to 2025-05-22 07:45:00+00:00, run_after=2025-05-22 07:50:00+00:00
[2025-05-22T07:45:06.188+0000] {processor.py:183} INFO - Processing /opt/airflow/dags/etl_dag.py took 0.486 seconds
[2025-05-22T07:45:36.761+0000] {processor.py:161} INFO - Started process (PID=293) to work on /opt/airflow/dags/etl_dag.py
[2025-05-22T07:45:36.764+0000] {processor.py:830} INFO - Processing file /opt/airflow/dags/etl_dag.py for tasks to queue
[2025-05-22T07:45:36.766+0000] {logging_mixin.py:188} INFO - [2025-05-22T07:45:36.765+0000] {dagbag.py:538} INFO - Filling up the DagBag from /opt/airflow/dags/etl_dag.py
[2025-05-22T07:45:36.822+0000] {processor.py:840} INFO - DAG(s) 'pakwheels_etl_pipeline' retrieved from /opt/airflow/dags/etl_dag.py
[2025-05-22T07:45:36.879+0000] {logging_mixin.py:188} INFO - [2025-05-22T07:45:36.878+0000] {dag.py:3036} INFO - Sync 1 DAGs
[2025-05-22T07:45:36.934+0000] {logging_mixin.py:188} INFO - [2025-05-22T07:45:36.934+0000] {dag.py:3823} INFO - Setting next_dagrun for pakwheels_etl_pipeline to 2025-05-22 07:45:00+00:00, run_after=2025-05-22 07:50:00+00:00
[2025-05-22T07:45:36.999+0000] {processor.py:183} INFO - Processing /opt/airflow/dags/etl_dag.py took 0.249 seconds
[2025-05-22T07:46:07.245+0000] {processor.py:161} INFO - Started process (PID=301) to work on /opt/airflow/dags/etl_dag.py
[2025-05-22T07:46:07.248+0000] {processor.py:830} INFO - Processing file /opt/airflow/dags/etl_dag.py for tasks to queue
[2025-05-22T07:46:07.252+0000] {logging_mixin.py:188} INFO - [2025-05-22T07:46:07.251+0000] {dagbag.py:538} INFO - Filling up the DagBag from /opt/airflow/dags/etl_dag.py
[2025-05-22T07:46:07.354+0000] {processor.py:840} INFO - DAG(s) 'pakwheels_etl_pipeline' retrieved from /opt/airflow/dags/etl_dag.py
[2025-05-22T07:46:07.499+0000] {logging_mixin.py:188} INFO - [2025-05-22T07:46:07.498+0000] {dag.py:3036} INFO - Sync 1 DAGs
[2025-05-22T07:46:07.638+0000] {logging_mixin.py:188} INFO - [2025-05-22T07:46:07.637+0000] {dag.py:3823} INFO - Setting next_dagrun for pakwheels_etl_pipeline to 2025-05-22 07:45:00+00:00, run_after=2025-05-22 07:50:00+00:00
[2025-05-22T07:46:07.714+0000] {processor.py:183} INFO - Processing /opt/airflow/dags/etl_dag.py took 0.480 seconds
[2025-05-22T07:46:38.035+0000] {processor.py:161} INFO - Started process (PID=306) to work on /opt/airflow/dags/etl_dag.py
[2025-05-22T07:46:38.039+0000] {processor.py:830} INFO - Processing file /opt/airflow/dags/etl_dag.py for tasks to queue
[2025-05-22T07:46:38.043+0000] {logging_mixin.py:188} INFO - [2025-05-22T07:46:38.042+0000] {dagbag.py:538} INFO - Filling up the DagBag from /opt/airflow/dags/etl_dag.py
[2025-05-22T07:46:38.138+0000] {processor.py:840} INFO - DAG(s) 'pakwheels_etl_pipeline' retrieved from /opt/airflow/dags/etl_dag.py
[2025-05-22T07:46:38.204+0000] {logging_mixin.py:188} INFO - [2025-05-22T07:46:38.204+0000] {dag.py:3036} INFO - Sync 1 DAGs
[2025-05-22T07:46:38.269+0000] {logging_mixin.py:188} INFO - [2025-05-22T07:46:38.268+0000] {dag.py:3823} INFO - Setting next_dagrun for pakwheels_etl_pipeline to 2025-05-22 07:45:00+00:00, run_after=2025-05-22 07:50:00+00:00
[2025-05-22T07:46:38.417+0000] {processor.py:183} INFO - Processing /opt/airflow/dags/etl_dag.py took 0.390 seconds
[2025-05-22T07:47:08.800+0000] {processor.py:161} INFO - Started process (PID=311) to work on /opt/airflow/dags/etl_dag.py
[2025-05-22T07:47:08.803+0000] {processor.py:830} INFO - Processing file /opt/airflow/dags/etl_dag.py for tasks to queue
[2025-05-22T07:47:08.806+0000] {logging_mixin.py:188} INFO - [2025-05-22T07:47:08.805+0000] {dagbag.py:538} INFO - Filling up the DagBag from /opt/airflow/dags/etl_dag.py
[2025-05-22T07:47:08.884+0000] {processor.py:840} INFO - DAG(s) 'pakwheels_etl_pipeline' retrieved from /opt/airflow/dags/etl_dag.py
[2025-05-22T07:47:08.955+0000] {logging_mixin.py:188} INFO - [2025-05-22T07:47:08.955+0000] {dag.py:3036} INFO - Sync 1 DAGs
[2025-05-22T07:47:09.016+0000] {logging_mixin.py:188} INFO - [2025-05-22T07:47:09.016+0000] {dag.py:3823} INFO - Setting next_dagrun for pakwheels_etl_pipeline to 2025-05-22 07:45:00+00:00, run_after=2025-05-22 07:50:00+00:00
[2025-05-22T07:47:09.176+0000] {processor.py:183} INFO - Processing /opt/airflow/dags/etl_dag.py took 0.384 seconds
[2025-05-22T07:47:39.652+0000] {processor.py:161} INFO - Started process (PID=316) to work on /opt/airflow/dags/etl_dag.py
[2025-05-22T07:47:39.655+0000] {processor.py:830} INFO - Processing file /opt/airflow/dags/etl_dag.py for tasks to queue
[2025-05-22T07:47:39.658+0000] {logging_mixin.py:188} INFO - [2025-05-22T07:47:39.658+0000] {dagbag.py:538} INFO - Filling up the DagBag from /opt/airflow/dags/etl_dag.py
[2025-05-22T07:47:39.730+0000] {processor.py:840} INFO - DAG(s) 'pakwheels_etl_pipeline' retrieved from /opt/airflow/dags/etl_dag.py
[2025-05-22T07:47:39.802+0000] {logging_mixin.py:188} INFO - [2025-05-22T07:47:39.802+0000] {dag.py:3036} INFO - Sync 1 DAGs
[2025-05-22T07:47:39.875+0000] {logging_mixin.py:188} INFO - [2025-05-22T07:47:39.874+0000] {dag.py:3823} INFO - Setting next_dagrun for pakwheels_etl_pipeline to 2025-05-22 07:45:00+00:00, run_after=2025-05-22 07:50:00+00:00
[2025-05-22T07:47:40.037+0000] {processor.py:183} INFO - Processing /opt/airflow/dags/etl_dag.py took 0.395 seconds
[2025-05-22T07:48:10.479+0000] {processor.py:161} INFO - Started process (PID=321) to work on /opt/airflow/dags/etl_dag.py
[2025-05-22T07:48:10.483+0000] {processor.py:830} INFO - Processing file /opt/airflow/dags/etl_dag.py for tasks to queue
[2025-05-22T07:48:10.489+0000] {logging_mixin.py:188} INFO - [2025-05-22T07:48:10.487+0000] {dagbag.py:538} INFO - Filling up the DagBag from /opt/airflow/dags/etl_dag.py
[2025-05-22T07:48:10.566+0000] {processor.py:840} INFO - DAG(s) 'pakwheels_etl_pipeline' retrieved from /opt/airflow/dags/etl_dag.py
[2025-05-22T07:48:10.653+0000] {logging_mixin.py:188} INFO - [2025-05-22T07:48:10.652+0000] {dag.py:3036} INFO - Sync 1 DAGs
[2025-05-22T07:48:10.747+0000] {logging_mixin.py:188} INFO - [2025-05-22T07:48:10.746+0000] {dag.py:3823} INFO - Setting next_dagrun for pakwheels_etl_pipeline to 2025-05-22 07:45:00+00:00, run_after=2025-05-22 07:50:00+00:00
[2025-05-22T07:48:10.937+0000] {processor.py:183} INFO - Processing /opt/airflow/dags/etl_dag.py took 0.480 seconds
[2025-05-22T07:48:41.435+0000] {processor.py:161} INFO - Started process (PID=329) to work on /opt/airflow/dags/etl_dag.py
[2025-05-22T07:48:41.440+0000] {processor.py:830} INFO - Processing file /opt/airflow/dags/etl_dag.py for tasks to queue
[2025-05-22T07:48:41.445+0000] {logging_mixin.py:188} INFO - [2025-05-22T07:48:41.444+0000] {dagbag.py:538} INFO - Filling up the DagBag from /opt/airflow/dags/etl_dag.py
[2025-05-22T07:48:41.517+0000] {processor.py:840} INFO - DAG(s) 'pakwheels_etl_pipeline' retrieved from /opt/airflow/dags/etl_dag.py
[2025-05-22T07:48:41.598+0000] {logging_mixin.py:188} INFO - [2025-05-22T07:48:41.597+0000] {dag.py:3036} INFO - Sync 1 DAGs
[2025-05-22T07:48:41.660+0000] {logging_mixin.py:188} INFO - [2025-05-22T07:48:41.659+0000] {dag.py:3823} INFO - Setting next_dagrun for pakwheels_etl_pipeline to 2025-05-22 07:45:00+00:00, run_after=2025-05-22 07:50:00+00:00
[2025-05-22T07:48:41.734+0000] {processor.py:183} INFO - Processing /opt/airflow/dags/etl_dag.py took 0.306 seconds
[2025-05-22T07:49:12.096+0000] {processor.py:161} INFO - Started process (PID=334) to work on /opt/airflow/dags/etl_dag.py
[2025-05-22T07:49:12.112+0000] {processor.py:830} INFO - Processing file /opt/airflow/dags/etl_dag.py for tasks to queue
[2025-05-22T07:49:12.125+0000] {logging_mixin.py:188} INFO - [2025-05-22T07:49:12.121+0000] {dagbag.py:538} INFO - Filling up the DagBag from /opt/airflow/dags/etl_dag.py
[2025-05-22T07:49:12.311+0000] {processor.py:840} INFO - DAG(s) 'pakwheels_etl_pipeline' retrieved from /opt/airflow/dags/etl_dag.py
[2025-05-22T07:49:12.449+0000] {logging_mixin.py:188} INFO - [2025-05-22T07:49:12.448+0000] {dag.py:3036} INFO - Sync 1 DAGs
[2025-05-22T07:49:12.518+0000] {logging_mixin.py:188} INFO - [2025-05-22T07:49:12.518+0000] {dag.py:3823} INFO - Setting next_dagrun for pakwheels_etl_pipeline to 2025-05-22 07:45:00+00:00, run_after=2025-05-22 07:50:00+00:00
[2025-05-22T07:49:12.588+0000] {processor.py:183} INFO - Processing /opt/airflow/dags/etl_dag.py took 0.541 seconds
[2025-05-22T07:49:42.756+0000] {processor.py:161} INFO - Started process (PID=342) to work on /opt/airflow/dags/etl_dag.py
[2025-05-22T07:49:42.759+0000] {processor.py:830} INFO - Processing file /opt/airflow/dags/etl_dag.py for tasks to queue
[2025-05-22T07:49:42.763+0000] {logging_mixin.py:188} INFO - [2025-05-22T07:49:42.762+0000] {dagbag.py:538} INFO - Filling up the DagBag from /opt/airflow/dags/etl_dag.py
[2025-05-22T07:49:42.872+0000] {processor.py:840} INFO - DAG(s) 'pakwheels_etl_pipeline' retrieved from /opt/airflow/dags/etl_dag.py
[2025-05-22T07:49:42.972+0000] {logging_mixin.py:188} INFO - [2025-05-22T07:49:42.971+0000] {dag.py:3036} INFO - Sync 1 DAGs
[2025-05-22T07:49:43.045+0000] {logging_mixin.py:188} INFO - [2025-05-22T07:49:43.044+0000] {dag.py:3823} INFO - Setting next_dagrun for pakwheels_etl_pipeline to 2025-05-22 07:45:00+00:00, run_after=2025-05-22 07:50:00+00:00
[2025-05-22T07:49:43.115+0000] {processor.py:183} INFO - Processing /opt/airflow/dags/etl_dag.py took 0.370 seconds
[2025-05-22T07:50:13.567+0000] {processor.py:161} INFO - Started process (PID=350) to work on /opt/airflow/dags/etl_dag.py
[2025-05-22T07:50:13.572+0000] {processor.py:830} INFO - Processing file /opt/airflow/dags/etl_dag.py for tasks to queue
[2025-05-22T07:50:13.576+0000] {logging_mixin.py:188} INFO - [2025-05-22T07:50:13.575+0000] {dagbag.py:538} INFO - Filling up the DagBag from /opt/airflow/dags/etl_dag.py
[2025-05-22T07:50:13.736+0000] {processor.py:840} INFO - DAG(s) 'pakwheels_etl_pipeline' retrieved from /opt/airflow/dags/etl_dag.py
[2025-05-22T07:50:13.884+0000] {logging_mixin.py:188} INFO - [2025-05-22T07:50:13.884+0000] {dag.py:3036} INFO - Sync 1 DAGs
[2025-05-22T07:50:14.062+0000] {logging_mixin.py:188} INFO - [2025-05-22T07:50:14.061+0000] {dag.py:3823} INFO - Setting next_dagrun for pakwheels_etl_pipeline to 2025-05-22 07:50:00+00:00, run_after=2025-05-22 07:55:00+00:00
[2025-05-22T07:50:14.149+0000] {processor.py:183} INFO - Processing /opt/airflow/dags/etl_dag.py took 0.598 seconds
[2025-05-22T07:50:44.749+0000] {processor.py:161} INFO - Started process (PID=355) to work on /opt/airflow/dags/etl_dag.py
[2025-05-22T07:50:44.752+0000] {processor.py:830} INFO - Processing file /opt/airflow/dags/etl_dag.py for tasks to queue
[2025-05-22T07:50:44.755+0000] {logging_mixin.py:188} INFO - [2025-05-22T07:50:44.754+0000] {dagbag.py:538} INFO - Filling up the DagBag from /opt/airflow/dags/etl_dag.py
[2025-05-22T07:50:44.828+0000] {processor.py:840} INFO - DAG(s) 'pakwheels_etl_pipeline' retrieved from /opt/airflow/dags/etl_dag.py
[2025-05-22T07:50:44.932+0000] {logging_mixin.py:188} INFO - [2025-05-22T07:50:44.931+0000] {dag.py:3036} INFO - Sync 1 DAGs
[2025-05-22T07:50:44.999+0000] {logging_mixin.py:188} INFO - [2025-05-22T07:50:44.998+0000] {dag.py:3823} INFO - Setting next_dagrun for pakwheels_etl_pipeline to 2025-05-22 07:50:00+00:00, run_after=2025-05-22 07:55:00+00:00
[2025-05-22T07:50:45.046+0000] {processor.py:183} INFO - Processing /opt/airflow/dags/etl_dag.py took 0.312 seconds
[2025-05-22T07:51:15.205+0000] {processor.py:161} INFO - Started process (PID=366) to work on /opt/airflow/dags/etl_dag.py
[2025-05-22T07:51:15.210+0000] {processor.py:830} INFO - Processing file /opt/airflow/dags/etl_dag.py for tasks to queue
[2025-05-22T07:51:15.218+0000] {logging_mixin.py:188} INFO - [2025-05-22T07:51:15.216+0000] {dagbag.py:538} INFO - Filling up the DagBag from /opt/airflow/dags/etl_dag.py
[2025-05-22T07:51:15.395+0000] {processor.py:840} INFO - DAG(s) 'pakwheels_etl_pipeline' retrieved from /opt/airflow/dags/etl_dag.py
[2025-05-22T07:51:15.495+0000] {logging_mixin.py:188} INFO - [2025-05-22T07:51:15.494+0000] {dag.py:3036} INFO - Sync 1 DAGs
[2025-05-22T07:51:15.621+0000] {logging_mixin.py:188} INFO - [2025-05-22T07:51:15.620+0000] {dag.py:3823} INFO - Setting next_dagrun for pakwheels_etl_pipeline to 2025-05-22 07:50:00+00:00, run_after=2025-05-22 07:55:00+00:00
[2025-05-22T07:51:15.723+0000] {processor.py:183} INFO - Processing /opt/airflow/dags/etl_dag.py took 0.535 seconds
[2025-05-22T07:51:46.146+0000] {processor.py:161} INFO - Started process (PID=371) to work on /opt/airflow/dags/etl_dag.py
[2025-05-22T07:51:46.153+0000] {processor.py:830} INFO - Processing file /opt/airflow/dags/etl_dag.py for tasks to queue
[2025-05-22T07:51:46.160+0000] {logging_mixin.py:188} INFO - [2025-05-22T07:51:46.158+0000] {dagbag.py:538} INFO - Filling up the DagBag from /opt/airflow/dags/etl_dag.py
[2025-05-22T07:51:46.317+0000] {processor.py:840} INFO - DAG(s) 'pakwheels_etl_pipeline' retrieved from /opt/airflow/dags/etl_dag.py
[2025-05-22T07:51:46.531+0000] {logging_mixin.py:188} INFO - [2025-05-22T07:51:46.531+0000] {dag.py:3036} INFO - Sync 1 DAGs
[2025-05-22T07:51:46.604+0000] {logging_mixin.py:188} INFO - [2025-05-22T07:51:46.603+0000] {dag.py:3823} INFO - Setting next_dagrun for pakwheels_etl_pipeline to 2025-05-22 07:50:00+00:00, run_after=2025-05-22 07:55:00+00:00
[2025-05-22T07:51:46.645+0000] {processor.py:183} INFO - Processing /opt/airflow/dags/etl_dag.py took 0.520 seconds
[2025-05-22T07:53:45.731+0000] {processor.py:161} INFO - Started process (PID=166) to work on /opt/airflow/dags/etl_dag.py
[2025-05-22T07:53:45.734+0000] {processor.py:830} INFO - Processing file /opt/airflow/dags/etl_dag.py for tasks to queue
[2025-05-22T07:53:45.736+0000] {logging_mixin.py:188} INFO - [2025-05-22T07:53:45.736+0000] {dagbag.py:538} INFO - Filling up the DagBag from /opt/airflow/dags/etl_dag.py
[2025-05-22T07:53:45.801+0000] {processor.py:840} INFO - DAG(s) 'pakwheels_etl_pipeline' retrieved from /opt/airflow/dags/etl_dag.py
[2025-05-22T07:53:45.938+0000] {logging_mixin.py:188} INFO - [2025-05-22T07:53:45.937+0000] {dag.py:3036} INFO - Sync 1 DAGs
[2025-05-22T07:53:46.019+0000] {logging_mixin.py:188} INFO - [2025-05-22T07:53:46.018+0000] {dag.py:3823} INFO - Setting next_dagrun for pakwheels_etl_pipeline to 2025-05-22 07:50:00+00:00, run_after=2025-05-22 07:55:00+00:00
[2025-05-22T07:53:46.062+0000] {processor.py:183} INFO - Processing /opt/airflow/dags/etl_dag.py took 0.340 seconds
[2025-05-22T07:54:16.324+0000] {processor.py:161} INFO - Started process (PID=175) to work on /opt/airflow/dags/etl_dag.py
[2025-05-22T07:54:16.328+0000] {processor.py:830} INFO - Processing file /opt/airflow/dags/etl_dag.py for tasks to queue
[2025-05-22T07:54:16.333+0000] {logging_mixin.py:188} INFO - [2025-05-22T07:54:16.332+0000] {dagbag.py:538} INFO - Filling up the DagBag from /opt/airflow/dags/etl_dag.py
[2025-05-22T07:54:16.439+0000] {processor.py:840} INFO - DAG(s) 'pakwheels_etl_pipeline' retrieved from /opt/airflow/dags/etl_dag.py
[2025-05-22T07:54:16.993+0000] {logging_mixin.py:188} INFO - [2025-05-22T07:54:16.992+0000] {dag.py:3036} INFO - Sync 1 DAGs
[2025-05-22T07:54:17.104+0000] {logging_mixin.py:188} INFO - [2025-05-22T07:54:17.103+0000] {dag.py:3823} INFO - Setting next_dagrun for pakwheels_etl_pipeline to 2025-05-22 07:50:00+00:00, run_after=2025-05-22 07:55:00+00:00
[2025-05-22T07:54:17.241+0000] {processor.py:183} INFO - Processing /opt/airflow/dags/etl_dag.py took 0.930 seconds
[2025-05-22T07:54:47.952+0000] {processor.py:161} INFO - Started process (PID=183) to work on /opt/airflow/dags/etl_dag.py
[2025-05-22T07:54:47.959+0000] {processor.py:830} INFO - Processing file /opt/airflow/dags/etl_dag.py for tasks to queue
[2025-05-22T07:54:47.966+0000] {logging_mixin.py:188} INFO - [2025-05-22T07:54:47.964+0000] {dagbag.py:538} INFO - Filling up the DagBag from /opt/airflow/dags/etl_dag.py
[2025-05-22T07:54:48.131+0000] {processor.py:840} INFO - DAG(s) 'pakwheels_etl_pipeline' retrieved from /opt/airflow/dags/etl_dag.py
[2025-05-22T07:54:48.299+0000] {logging_mixin.py:188} INFO - [2025-05-22T07:54:48.298+0000] {dag.py:3036} INFO - Sync 1 DAGs
[2025-05-22T07:54:48.410+0000] {logging_mixin.py:188} INFO - [2025-05-22T07:54:48.409+0000] {dag.py:3823} INFO - Setting next_dagrun for pakwheels_etl_pipeline to 2025-05-22 07:50:00+00:00, run_after=2025-05-22 07:55:00+00:00
[2025-05-22T07:54:48.462+0000] {processor.py:183} INFO - Processing /opt/airflow/dags/etl_dag.py took 0.536 seconds
[2025-05-22T07:55:19.079+0000] {processor.py:161} INFO - Started process (PID=191) to work on /opt/airflow/dags/etl_dag.py
[2025-05-22T07:55:19.085+0000] {processor.py:830} INFO - Processing file /opt/airflow/dags/etl_dag.py for tasks to queue
[2025-05-22T07:55:19.091+0000] {logging_mixin.py:188} INFO - [2025-05-22T07:55:19.089+0000] {dagbag.py:538} INFO - Filling up the DagBag from /opt/airflow/dags/etl_dag.py
[2025-05-22T07:55:19.255+0000] {processor.py:840} INFO - DAG(s) 'pakwheels_etl_pipeline' retrieved from /opt/airflow/dags/etl_dag.py
[2025-05-22T07:55:19.371+0000] {logging_mixin.py:188} INFO - [2025-05-22T07:55:19.371+0000] {dag.py:3036} INFO - Sync 1 DAGs
[2025-05-22T07:55:19.442+0000] {logging_mixin.py:188} INFO - [2025-05-22T07:55:19.442+0000] {dag.py:3823} INFO - Setting next_dagrun for pakwheels_etl_pipeline to 2025-05-22 07:55:00+00:00, run_after=2025-05-22 08:00:00+00:00
[2025-05-22T07:55:19.495+0000] {processor.py:183} INFO - Processing /opt/airflow/dags/etl_dag.py took 0.438 seconds
