[2025-05-22T07:55:01.903+0000] {taskinstance.py:1956} INFO - Dependencies all met for dep_context=non-requeueable deps ti=<TaskInstance: pakwheels_etl_pipeline.run_kafka_producer scheduled__2025-05-22T07:50:00+00:00 [queued]>
[2025-05-22T07:55:01.925+0000] {taskinstance.py:1956} INFO - Dependencies all met for dep_context=requeueable deps ti=<TaskInstance: pakwheels_etl_pipeline.run_kafka_producer scheduled__2025-05-22T07:50:00+00:00 [queued]>
[2025-05-22T07:55:01.926+0000] {taskinstance.py:2170} INFO - Starting attempt 1 of 2
[2025-05-22T07:55:01.967+0000] {taskinstance.py:2191} INFO - Executing <Task(BashOperator): run_kafka_producer> on 2025-05-22 07:50:00+00:00
[2025-05-22T07:55:01.982+0000] {standard_task_runner.py:60} INFO - Started process 189 to run task
[2025-05-22T07:55:02.008+0000] {standard_task_runner.py:87} INFO - Running: ['***', 'tasks', 'run', 'pakwheels_etl_pipeline', 'run_kafka_producer', 'scheduled__2025-05-22T07:50:00+00:00', '--job-id', '18', '--raw', '--subdir', 'DAGS_FOLDER/etl_dag.py', '--cfg-path', '/tmp/tmp6hr2d1f5']
[2025-05-22T07:55:02.029+0000] {standard_task_runner.py:88} INFO - Job 18: Subtask run_kafka_producer
[2025-05-22T07:55:02.186+0000] {task_command.py:423} INFO - Running <TaskInstance: pakwheels_etl_pipeline.run_kafka_producer scheduled__2025-05-22T07:50:00+00:00 [running]> on host 1211a0481132
[2025-05-22T07:55:02.447+0000] {taskinstance.py:2480} INFO - Exporting env vars: AIRFLOW_CTX_DAG_OWNER='***' AIRFLOW_CTX_DAG_ID='pakwheels_etl_pipeline' AIRFLOW_CTX_TASK_ID='run_kafka_producer' AIRFLOW_CTX_EXECUTION_DATE='2025-05-22T07:50:00+00:00' AIRFLOW_CTX_TRY_NUMBER='1' AIRFLOW_CTX_DAG_RUN_ID='scheduled__2025-05-22T07:50:00+00:00'
[2025-05-22T07:55:02.451+0000] {subprocess.py:63} INFO - Tmp dir root location: /tmp
[2025-05-22T07:55:02.457+0000] {subprocess.py:75} INFO - Running command: ['/usr/bin/bash', '-c', 'python /opt/***/producer/kafka_producer.py']
[2025-05-22T07:55:02.479+0000] {subprocess.py:86} INFO - Output:
[2025-05-22T07:55:02.575+0000] {subprocess.py:93} INFO - Traceback (most recent call last):
[2025-05-22T07:55:02.576+0000] {subprocess.py:93} INFO -   File "/opt/***/producer/kafka_producer.py", line 1, in <module>
[2025-05-22T07:55:02.577+0000] {subprocess.py:93} INFO -     from kafka import KafkaProducer
[2025-05-22T07:55:02.578+0000] {subprocess.py:93} INFO - ModuleNotFoundError: No module named 'kafka'
[2025-05-22T07:55:02.580+0000] {subprocess.py:97} INFO - Command exited with return code 1
[2025-05-22T07:55:02.607+0000] {taskinstance.py:2698} ERROR - Task failed with exception
Traceback (most recent call last):
  File "/home/airflow/.local/lib/python3.8/site-packages/airflow/models/taskinstance.py", line 433, in _execute_task
    result = execute_callable(context=context, **execute_callable_kwargs)
  File "/home/airflow/.local/lib/python3.8/site-packages/airflow/operators/bash.py", line 212, in execute
    raise AirflowException(
airflow.exceptions.AirflowException: Bash command failed. The command returned a non-zero exit code 1.
[2025-05-22T07:55:02.613+0000] {taskinstance.py:1138} INFO - Marking task as UP_FOR_RETRY. dag_id=pakwheels_etl_pipeline, task_id=run_kafka_producer, execution_date=20250522T075000, start_date=20250522T075501, end_date=20250522T075502
[2025-05-22T07:55:02.641+0000] {standard_task_runner.py:107} ERROR - Failed to execute job 18 for task run_kafka_producer (Bash command failed. The command returned a non-zero exit code 1.; 189)
[2025-05-22T07:55:02.656+0000] {local_task_job_runner.py:234} INFO - Task exited with return code 1
[2025-05-22T07:55:02.719+0000] {taskinstance.py:3280} INFO - 0 downstream tasks scheduled from follow-on schedule check
