[2025-05-22T07:54:20.935+0000] {taskinstance.py:1956} INFO - Dependencies all met for dep_context=non-requeueable deps ti=<TaskInstance: pakwheels_etl_pipeline.run_kafka_producer manual__2025-05-22T07:54:18.378036+00:00 [queued]>
[2025-05-22T07:54:20.979+0000] {taskinstance.py:1956} INFO - Dependencies all met for dep_context=requeueable deps ti=<TaskInstance: pakwheels_etl_pipeline.run_kafka_producer manual__2025-05-22T07:54:18.378036+00:00 [queued]>
[2025-05-22T07:54:20.981+0000] {taskinstance.py:2170} INFO - Starting attempt 1 of 2
[2025-05-22T07:54:21.023+0000] {taskinstance.py:2191} INFO - Executing <Task(BashOperator): run_kafka_producer> on 2025-05-22 07:54:18.378036+00:00
[2025-05-22T07:54:21.035+0000] {standard_task_runner.py:60} INFO - Started process 181 to run task
[2025-05-22T07:54:21.047+0000] {standard_task_runner.py:87} INFO - Running: ['***', 'tasks', 'run', 'pakwheels_etl_pipeline', 'run_kafka_producer', 'manual__2025-05-22T07:54:18.378036+00:00', '--job-id', '17', '--raw', '--subdir', 'DAGS_FOLDER/etl_dag.py', '--cfg-path', '/tmp/tmpgxfe64y_']
[2025-05-22T07:54:21.055+0000] {standard_task_runner.py:88} INFO - Job 17: Subtask run_kafka_producer
[2025-05-22T07:54:21.233+0000] {task_command.py:423} INFO - Running <TaskInstance: pakwheels_etl_pipeline.run_kafka_producer manual__2025-05-22T07:54:18.378036+00:00 [running]> on host 1211a0481132
[2025-05-22T07:54:21.476+0000] {taskinstance.py:2480} INFO - Exporting env vars: AIRFLOW_CTX_DAG_OWNER='***' AIRFLOW_CTX_DAG_ID='pakwheels_etl_pipeline' AIRFLOW_CTX_TASK_ID='run_kafka_producer' AIRFLOW_CTX_EXECUTION_DATE='2025-05-22T07:54:18.378036+00:00' AIRFLOW_CTX_TRY_NUMBER='1' AIRFLOW_CTX_DAG_RUN_ID='manual__2025-05-22T07:54:18.378036+00:00'
[2025-05-22T07:54:21.479+0000] {subprocess.py:63} INFO - Tmp dir root location: /tmp
[2025-05-22T07:54:21.485+0000] {subprocess.py:75} INFO - Running command: ['/usr/bin/bash', '-c', 'python /opt/***/producer/kafka_producer.py']
[2025-05-22T07:54:21.506+0000] {subprocess.py:86} INFO - Output:
[2025-05-22T07:54:21.637+0000] {subprocess.py:93} INFO - Traceback (most recent call last):
[2025-05-22T07:54:21.640+0000] {subprocess.py:93} INFO -   File "/opt/***/producer/kafka_producer.py", line 1, in <module>
[2025-05-22T07:54:21.643+0000] {subprocess.py:93} INFO -     from kafka import KafkaProducer
[2025-05-22T07:54:21.645+0000] {subprocess.py:93} INFO - ModuleNotFoundError: No module named 'kafka'
[2025-05-22T07:54:21.650+0000] {subprocess.py:97} INFO - Command exited with return code 1
[2025-05-22T07:54:21.686+0000] {taskinstance.py:2698} ERROR - Task failed with exception
Traceback (most recent call last):
  File "/home/airflow/.local/lib/python3.8/site-packages/airflow/models/taskinstance.py", line 433, in _execute_task
    result = execute_callable(context=context, **execute_callable_kwargs)
  File "/home/airflow/.local/lib/python3.8/site-packages/airflow/operators/bash.py", line 212, in execute
    raise AirflowException(
airflow.exceptions.AirflowException: Bash command failed. The command returned a non-zero exit code 1.
[2025-05-22T07:54:21.694+0000] {taskinstance.py:1138} INFO - Marking task as UP_FOR_RETRY. dag_id=pakwheels_etl_pipeline, task_id=run_kafka_producer, execution_date=20250522T075418, start_date=20250522T075420, end_date=20250522T075421
[2025-05-22T07:54:21.725+0000] {standard_task_runner.py:107} ERROR - Failed to execute job 17 for task run_kafka_producer (Bash command failed. The command returned a non-zero exit code 1.; 181)
[2025-05-22T07:54:21.744+0000] {local_task_job_runner.py:234} INFO - Task exited with return code 1
[2025-05-22T07:54:21.808+0000] {taskinstance.py:3280} INFO - 0 downstream tasks scheduled from follow-on schedule check
