[2025-05-22T07:55:23.309+0000] {taskinstance.py:1956} INFO - Dependencies all met for dep_context=non-requeueable deps ti=<TaskInstance: pakwheels_etl_pipeline.run_kafka_producer manual__2025-05-22T07:54:18.378036+00:00 [queued]>
[2025-05-22T07:55:23.329+0000] {taskinstance.py:1956} INFO - Dependencies all met for dep_context=requeueable deps ti=<TaskInstance: pakwheels_etl_pipeline.run_kafka_producer manual__2025-05-22T07:54:18.378036+00:00 [queued]>
[2025-05-22T07:55:23.330+0000] {taskinstance.py:2170} INFO - Starting attempt 2 of 2
[2025-05-22T07:55:23.383+0000] {taskinstance.py:2191} INFO - Executing <Task(BashOperator): run_kafka_producer> on 2025-05-22 07:54:18.378036+00:00
[2025-05-22T07:55:23.393+0000] {standard_task_runner.py:60} INFO - Started process 197 to run task
[2025-05-22T07:55:23.400+0000] {standard_task_runner.py:87} INFO - Running: ['***', 'tasks', 'run', 'pakwheels_etl_pipeline', 'run_kafka_producer', 'manual__2025-05-22T07:54:18.378036+00:00', '--job-id', '19', '--raw', '--subdir', 'DAGS_FOLDER/etl_dag.py', '--cfg-path', '/tmp/tmpeq68xxca']
[2025-05-22T07:55:23.404+0000] {standard_task_runner.py:88} INFO - Job 19: Subtask run_kafka_producer
[2025-05-22T07:55:23.612+0000] {task_command.py:423} INFO - Running <TaskInstance: pakwheels_etl_pipeline.run_kafka_producer manual__2025-05-22T07:54:18.378036+00:00 [running]> on host 1211a0481132
[2025-05-22T07:55:23.928+0000] {taskinstance.py:2480} INFO - Exporting env vars: AIRFLOW_CTX_DAG_OWNER='***' AIRFLOW_CTX_DAG_ID='pakwheels_etl_pipeline' AIRFLOW_CTX_TASK_ID='run_kafka_producer' AIRFLOW_CTX_EXECUTION_DATE='2025-05-22T07:54:18.378036+00:00' AIRFLOW_CTX_TRY_NUMBER='2' AIRFLOW_CTX_DAG_RUN_ID='manual__2025-05-22T07:54:18.378036+00:00'
[2025-05-22T07:55:23.930+0000] {subprocess.py:63} INFO - Tmp dir root location: /tmp
[2025-05-22T07:55:23.933+0000] {subprocess.py:75} INFO - Running command: ['/usr/bin/bash', '-c', 'python /opt/***/producer/kafka_producer.py']
[2025-05-22T07:55:23.968+0000] {subprocess.py:86} INFO - Output:
[2025-05-22T07:55:24.089+0000] {subprocess.py:93} INFO - Traceback (most recent call last):
[2025-05-22T07:55:24.090+0000] {subprocess.py:93} INFO -   File "/opt/***/producer/kafka_producer.py", line 1, in <module>
[2025-05-22T07:55:24.091+0000] {subprocess.py:93} INFO -     from kafka import KafkaProducer
[2025-05-22T07:55:24.091+0000] {subprocess.py:93} INFO - ModuleNotFoundError: No module named 'kafka'
[2025-05-22T07:55:24.093+0000] {subprocess.py:97} INFO - Command exited with return code 1
[2025-05-22T07:55:24.121+0000] {taskinstance.py:2698} ERROR - Task failed with exception
Traceback (most recent call last):
  File "/home/airflow/.local/lib/python3.8/site-packages/airflow/models/taskinstance.py", line 433, in _execute_task
    result = execute_callable(context=context, **execute_callable_kwargs)
  File "/home/airflow/.local/lib/python3.8/site-packages/airflow/operators/bash.py", line 212, in execute
    raise AirflowException(
airflow.exceptions.AirflowException: Bash command failed. The command returned a non-zero exit code 1.
[2025-05-22T07:55:24.127+0000] {taskinstance.py:1138} INFO - Marking task as FAILED. dag_id=pakwheels_etl_pipeline, task_id=run_kafka_producer, execution_date=20250522T075418, start_date=20250522T075523, end_date=20250522T075524
[2025-05-22T07:55:24.158+0000] {standard_task_runner.py:107} ERROR - Failed to execute job 19 for task run_kafka_producer (Bash command failed. The command returned a non-zero exit code 1.; 197)
[2025-05-22T07:55:24.176+0000] {local_task_job_runner.py:234} INFO - Task exited with return code 1
[2025-05-22T07:55:24.253+0000] {taskinstance.py:3280} INFO - 0 downstream tasks scheduled from follow-on schedule check
